2026-04-09 17:40:20 INFO  utils.LoggerHandler - Home Page Actions initialized successfully.
2026-04-09 17:40:20 INFO  utils.LoggerHandler - Car Insurance Page Actions initialized successfully.
2026-04-09 17:40:20 INFO  utils.LoggerHandler - Exception in verifyInsuranceDekhoIsVisible
2026-04-09 17:40:20 INFO  utils.LoggerHandler - Hovering over 'Insurance' menu in navigation bar.
2026-04-09 17:40:20 INFO  utils.LoggerHandler - 'Insurance' menu hovered successfully.
2026-04-09 17:40:20 INFO  utils.LoggerHandler - Clicking on 'Car Insurance' option from Insurance dropdown.
2026-04-09 17:40:21 INFO  utils.LoggerHandler - 'Car Insurance' option clicked successfully.
2026-04-09 17:40:21 INFO  utils.LoggerHandler - Verifying Car Insurance page heading.
2026-04-09 17:40:22 INFO  utils.LoggerHandler - Car Insurance page heading verified successfully. Expected: 'Car Insurance' | Actual: 'Car Insurance'
2026-04-09 17:40:27 INFO  utils.LoggerHandler - Home Page Actions initialized successfully.
2026-04-09 17:40:27 INFO  utils.LoggerHandler - Add-On Cover Page Actions initialized successfully.
2026-04-09 17:40:27 INFO  utils.LoggerHandler - Hovering over 'Insurance' menu in navigation bar.
2026-04-09 17:40:28 INFO  utils.LoggerHandler - 'Insurance' menu hovered successfully.
2026-04-09 17:40:28 INFO  utils.LoggerHandler - Hovering over 'Insurance' menu in navigation bar.
2026-04-09 17:40:29 INFO  utils.LoggerHandler - 'Insurance' menu hovered successfully.
2026-04-09 17:40:29 INFO  utils.LoggerHandler - Hovering over 'Car Insurance' under Insurance menu.
2026-04-09 17:40:29 INFO  utils.LoggerHandler - 'Car Insurance' menu hovered successfully.
2026-04-09 17:40:29 INFO  utils.LoggerHandler - Clicking on 'Add on Cover' option.
2026-04-09 17:40:30 INFO  utils.LoggerHandler - 'Add on Cover' page navigation triggered successfully.
2026-04-09 17:40:30 INFO  utils.LoggerHandler - Attempting to scroll to 'Calculate your Car IDV' section.
2026-04-09 17:40:30 INFO  utils.LoggerHandler - 'Calculate your Car IDV' section is visible now.
2026-04-09 17:40:30 INFO  utils.LoggerHandler - Clicking on Brand dropdown.
2026-04-09 17:40:33 INFO  utils.LoggerHandler - Selecting first available brand from dropdown.
2026-04-09 17:40:33 INFO  utils.LoggerHandler - Car brand selected successfully.
2026-04-09 17:40:33 INFO  utils.LoggerHandler - Clicking on Model dropdown.
2026-04-09 17:40:33 INFO  utils.LoggerHandler - Entering car model value 'Alto 800'.
2026-04-09 17:40:33 INFO  utils.LoggerHandler - Selecting first matching model from dropdown.
2026-04-09 17:40:43 ERROR utils.LoggerHandler - Failed to select first model
2026-04-09 17:40:50 INFO  utils.LoggerHandler - Home Page Actions initialized successfully.
2026-04-09 17:40:50 INFO  utils.LoggerHandler - Bike Claim Settlement Page Actions initialized successfully.
2026-04-09 17:40:50 INFO  utils.LoggerHandler - Hovering over 'Insurance' menu in navigation bar.
2026-04-09 17:40:50 INFO  utils.LoggerHandler - 'Insurance' menu hovered successfully.
2026-04-09 17:40:50 INFO  utils.LoggerHandler - Hovering over 'Insurance' menu in navigation bar.
2026-04-09 17:40:50 INFO  utils.LoggerHandler - 'Insurance' menu hovered successfully.
2026-04-09 17:40:50 INFO  utils.LoggerHandler - Hovering over 'Bike Insurance' under Insurance menu.
2026-04-09 17:40:54 INFO  utils.LoggerHandler - 'Bike Insurance' menu hovered successfully.
2026-04-09 17:40:54 INFO  utils.LoggerHandler - Clicking on 'Claim Settlement' under Bike Insurance menu.
2026-04-09 17:40:55 INFO  utils.LoggerHandler - 'Claim Settlement' clicked successfully.
2026-04-09 17:40:55 INFO  utils.LoggerHandler - Verifying Bike Insurance Claim Settlement page heading.
2026-04-09 17:40:55 INFO  utils.LoggerHandler - Bike Insurance Claim heading verified successfully. Expected: 'Bike Insurance Claim' | Actual: 'Bike Insurance Claim'
2026-04-09 17:40:55 INFO  utils.LoggerHandler - Scrolling to 'Calculate Two Wheeler IDV' section.
2026-04-09 17:40:55 INFO  utils.LoggerHandler - 'Calculate Two Wheeler IDV' section is now visible.
2026-04-09 17:40:55 INFO  utils.LoggerHandler - Selecting first brand option from Brand dropdown.
2026-04-09 17:40:55 INFO  utils.LoggerHandler - First brand selected successfully.
2026-04-09 17:40:55 INFO  utils.LoggerHandler - Selecting first bike model option.
2026-04-09 17:40:55 INFO  utils.LoggerHandler - Entering model name 'Splendor Plus'.
2026-04-09 17:40:56 INFO  utils.LoggerHandler - Bike model selected successfully.
2026-04-09 17:40:56 INFO  utils.LoggerHandler - Selecting manufacturing year from Year dropdown.
2026-04-09 17:40:56 INFO  utils.LoggerHandler - Manufacturing year selected successfully.
2026-04-09 17:40:56 INFO  utils.LoggerHandler - Clicking on Calculate button to generate IDV amount.
2026-04-09 17:40:56 INFO  utils.LoggerHandler - IDV amount verified successfully. Expected: 'Rs. 64,323' | Actual: 'Rs. 64,323'
2026-04-09 17:41:04 INFO  utils.LoggerHandler - Home Page Actions initialized successfully.
2026-04-09 17:41:04 INFO  utils.LoggerHandler - Human Life Value Page Actions initialized successfully.
2026-04-09 17:41:04 INFO  utils.LoggerHandler - Hovering over 'Insurance' menu in navigation bar.
2026-04-09 17:41:04 INFO  utils.LoggerHandler - 'Insurance' menu hovered successfully.
2026-04-09 17:41:04 INFO  utils.LoggerHandler - Hovering over 'Life Insurance' under Insurance menu.
2026-04-09 17:41:04 INFO  utils.LoggerHandler - 'Life Insurance' menu hovered successfully.
2026-04-09 17:41:04 INFO  utils.LoggerHandler - Clicking on 'Human Life Value Calculator' option.
2026-04-09 17:41:06 INFO  utils.LoggerHandler - Exception in clickOnHumanLifeValueCalculator: element click intercepted: Element <a title="..." href="/life-insurance/human-life-value">Human Life Value Calculator</a> is not clickable at point (547, 351). Other element would receive the click: <a title="Investment companies" href="/investment/companies">...</a>
  (Session info: chrome=147.0.7727.56)
Build info: version: '4.41.0', revision: '9fc754f'
System info: os.name: 'Windows 11', os.arch: 'amd64', os.version: '10.0', java.version: '17.0.18'
Driver info: org.openqa.selenium.chrome.ChromeDriver
Command: [c2181f9f57f5ae05808bcd591cee8cd1, clickElement {id=f.5714FE940194B6FBAC37BD4014C4AAF6.d.DF40B98C27C80A9DE293B887E805781A.e.202}]
Capabilities {acceptInsecureCerts: false, browserName: chrome, browserVersion: 147.0.7727.56, chrome: {chromedriverVersion: 147.0.7727.56 (b28eac7a1a97..., userDataDir: C:\Users\10853349\AppData\L...}, fedcm:accounts: true, goog:chromeOptions: {debuggerAddress: localhost:53459}, goog:processID: 8644, networkConnectionEnabled: false, pageLoadStrategy: normal, platformName: windows, proxy: Proxy(), se:cdp: ws://localhost:53459/devtoo..., se:cdpVersion: 147.0.7727.56, setWindowRect: true, strictFileInteractability: false, timeouts: {implicit: 0, pageLoad: 300000, script: 30000}, unhandledPromptBehavior: dismiss and notify, webauthn:extension:credBlob: true, webauthn:extension:largeBlob: true, webauthn:extension:minPinLength: true, webauthn:extension:prf: true, webauthn:virtualAuthenticators: true}
Element: [[ChromeDriver: chrome on windows (c2181f9f57f5ae05808bcd591cee8cd1)] -> link text: Human Life Value Calculator]
Session ID: c2181f9f57f5ae05808bcd591cee8cd1
2026-04-09 17:41:06 INFO  utils.LoggerHandler - Verifying HLV Calculator page title.
2026-04-09 17:41:06 INFO  utils.LoggerHandler - HLV Calculator page title verified successfully.
2026-04-09 17:41:12 INFO  utils.LoggerHandler - Home Page Actions initialized successfully.
2026-04-09 17:41:12 INFO  utils.LoggerHandler - Human Life Value Page Actions initialized successfully.
2026-04-09 17:41:12 INFO  utils.LoggerHandler - Hovering over 'Insurance' menu in navigation bar.
2026-04-09 17:41:13 INFO  utils.LoggerHandler - 'Insurance' menu hovered successfully.
2026-04-09 17:41:13 INFO  utils.LoggerHandler - Hovering over 'Life Insurance' under Insurance menu.
2026-04-09 17:41:13 INFO  utils.LoggerHandler - 'Life Insurance' menu hovered successfully.
2026-04-09 17:41:13 INFO  utils.LoggerHandler - Clicking on 'Human Life Value Calculator' option.
2026-04-09 17:41:17 INFO  utils.LoggerHandler - 'Human Life Value Calculator' clicked successfully.
2026-04-09 17:41:17 INFO  utils.LoggerHandler - Verifying HLV Calculator page title.
2026-04-09 17:41:17 INFO  utils.LoggerHandler - HLV Calculator page title verified successfully.
