2026-04-09 22:21:34 INFO  utils.LoggerHandler - Home Page Actions initialized successfully.
2026-04-09 22:21:34 INFO  utils.LoggerHandler - Car Insurance Page Actions initialized successfully.
2026-04-09 22:21:34 INFO  utils.LoggerHandler - Verifying element is displayed: InsuranceDekho Logo
2026-04-09 22:21:34 INFO  utils.LoggerHandler - PASSED: Element displayed successfully -> InsuranceDekho Logo
2026-04-09 22:21:34 INFO  utils.LoggerHandler - Hovering over 'Insurance' menu in navigation bar.
2026-04-09 22:21:35 INFO  utils.LoggerHandler - 'Insurance' menu hovered successfully.
2026-04-09 22:21:35 INFO  utils.LoggerHandler - Clicking on 'Car Insurance' option from Insurance dropdown.
2026-04-09 22:21:36 INFO  utils.LoggerHandler - 'Car Insurance' option clicked successfully.
2026-04-09 22:21:36 INFO  utils.LoggerHandler - Verifying Car Insurance page heading.
2026-04-09 22:21:36 INFO  utils.LoggerHandler - Car Insurance page heading verified successfully. Expected: 'Car Insurance' | Actual: 'Car Insurance'
2026-04-09 22:21:42 INFO  utils.LoggerHandler - Home Page Actions initialized successfully.
2026-04-09 22:21:42 INFO  utils.LoggerHandler - Add-On Cover Page Actions initialized successfully.
2026-04-09 22:21:42 INFO  utils.LoggerHandler - Hovering over 'Insurance' menu in navigation bar.
2026-04-09 22:21:43 INFO  utils.LoggerHandler - 'Insurance' menu hovered successfully.
2026-04-09 22:21:43 INFO  utils.LoggerHandler - Hovering over 'Insurance' menu in navigation bar.
2026-04-09 22:21:43 INFO  utils.LoggerHandler - 'Insurance' menu hovered successfully.
2026-04-09 22:21:43 INFO  utils.LoggerHandler - Hovering over 'Car Insurance' under Insurance menu.
2026-04-09 22:21:43 INFO  utils.LoggerHandler - 'Car Insurance' menu hovered successfully.
2026-04-09 22:21:43 INFO  utils.LoggerHandler - Clicking on 'Add on Cover' option.
2026-04-09 22:21:44 INFO  utils.LoggerHandler - 'Add on Cover' page navigation triggered successfully.
2026-04-09 22:21:44 INFO  utils.LoggerHandler - Attempting to scroll to 'Calculate your Car IDV' section.
2026-04-09 22:21:44 INFO  utils.LoggerHandler - 'Calculate your Car IDV' section is visible now.
2026-04-09 22:21:44 INFO  utils.LoggerHandler - Clicking on Brand dropdown.
2026-04-09 22:21:48 INFO  utils.LoggerHandler - Selecting first available brand from dropdown.
2026-04-09 22:21:48 INFO  utils.LoggerHandler - Car brand selected successfully.
2026-04-09 22:21:48 INFO  utils.LoggerHandler - Clicking on Model dropdown.
2026-04-09 22:21:48 INFO  utils.LoggerHandler - Entering car model value 'Alto 800'.
2026-04-09 22:21:48 INFO  utils.LoggerHandler - Selecting first matching model from dropdown.
2026-04-09 22:21:48 INFO  utils.LoggerHandler - Car model selected successfully.
2026-04-09 22:21:48 INFO  utils.LoggerHandler - Clicking on Year dropdown.
2026-04-09 22:21:48 INFO  utils.LoggerHandler - Selecting first available year.
2026-04-09 22:21:48 INFO  utils.LoggerHandler - Manufacturing year selected successfully.
2026-04-09 22:21:48 INFO  utils.LoggerHandler - Clicking on 'Calculate' button to generate IDV amount.
2026-04-09 22:21:48 INFO  utils.LoggerHandler - 'Calculate' button clicked successfully.
2026-04-09 22:21:48 INFO  utils.LoggerHandler - Verifying calculated IDV amount is displayed.
2026-04-09 22:21:48 INFO  utils.LoggerHandler - IDV amount verified successfully. Expected: 'Rs. 2,58,547' | Actual: 'Rs. 2,58,547'
2026-04-09 22:21:55 INFO  utils.LoggerHandler - Home Page Actions initialized successfully.
2026-04-09 22:21:55 INFO  utils.LoggerHandler - Bike Claim Settlement Page Actions initialized successfully.
2026-04-09 22:21:55 INFO  utils.LoggerHandler - Hovering over 'Insurance' menu in navigation bar.
2026-04-09 22:21:56 INFO  utils.LoggerHandler - 'Insurance' menu hovered successfully.
2026-04-09 22:21:56 INFO  utils.LoggerHandler - Hovering over 'Insurance' menu in navigation bar.
2026-04-09 22:21:56 INFO  utils.LoggerHandler - 'Insurance' menu hovered successfully.
2026-04-09 22:21:56 INFO  utils.LoggerHandler - Hovering over 'Bike Insurance' under Insurance menu.
2026-04-09 22:21:59 INFO  utils.LoggerHandler - 'Bike Insurance' menu hovered successfully.
2026-04-09 22:21:59 INFO  utils.LoggerHandler - Clicking on 'Claim Settlement' under Bike Insurance menu.
2026-04-09 22:22:01 INFO  utils.LoggerHandler - 'Claim Settlement' clicked successfully.
2026-04-09 22:22:01 INFO  utils.LoggerHandler - Verifying Bike Insurance Claim Settlement page heading.
2026-04-09 22:22:01 INFO  utils.LoggerHandler - Bike Insurance Claim heading verified successfully. Expected: 'Bike Insurance Claim' | Actual: 'Bike Insurance Claim'
2026-04-09 22:22:01 INFO  utils.LoggerHandler - Scrolling to 'Calculate Two Wheeler IDV' section.
2026-04-09 22:22:01 INFO  utils.LoggerHandler - 'Calculate Two Wheeler IDV' section is now visible.
2026-04-09 22:22:01 INFO  utils.LoggerHandler - Selecting first brand option from Brand dropdown.
2026-04-09 22:22:01 INFO  utils.LoggerHandler - First brand selected successfully.
2026-04-09 22:22:01 INFO  utils.LoggerHandler - Selecting first bike model option.
2026-04-09 22:22:01 INFO  utils.LoggerHandler - Entering model name 'Splendor Plus'.
2026-04-09 22:22:02 INFO  utils.LoggerHandler - Bike model selected successfully.
2026-04-09 22:22:02 INFO  utils.LoggerHandler - Selecting manufacturing year from Year dropdown.
2026-04-09 22:22:02 INFO  utils.LoggerHandler - Manufacturing year selected successfully.
2026-04-09 22:22:02 INFO  utils.LoggerHandler - Clicking on Calculate button to generate IDV amount.
2026-04-09 22:22:02 INFO  utils.LoggerHandler - IDV amount verified successfully. Expected: 'Rs. 64,323' | Actual: 'Rs. 64,323'
2026-04-09 22:22:09 INFO  utils.LoggerHandler - Home Page Actions initialized successfully.
2026-04-09 22:22:09 INFO  utils.LoggerHandler - Human Life Value Page Actions initialized successfully.
2026-04-09 22:22:09 INFO  utils.LoggerHandler - Hovering over 'Insurance' menu in navigation bar.
2026-04-09 22:22:10 INFO  utils.LoggerHandler - 'Insurance' menu hovered successfully.
2026-04-09 22:22:10 INFO  utils.LoggerHandler - Hovering over 'Life Insurance' under Insurance menu.
2026-04-09 22:22:10 INFO  utils.LoggerHandler - 'Life Insurance' menu hovered successfully.
2026-04-09 22:22:10 INFO  utils.LoggerHandler - Clicking on 'Human Life Value Calculator' option.
2026-04-09 22:22:14 INFO  utils.LoggerHandler - 'Human Life Value Calculator' clicked successfully.
2026-04-09 22:22:14 INFO  utils.LoggerHandler - Verifying HLV Calculator page title.
2026-04-09 22:22:14 INFO  utils.LoggerHandler - HLV Calculator page title verified successfully.
2026-04-09 22:22:23 INFO  utils.LoggerHandler - Home Page Actions initialized successfully.
2026-04-09 22:22:23 INFO  utils.LoggerHandler - Human Life Value Page Actions initialized successfully.
2026-04-09 22:22:23 INFO  utils.LoggerHandler - Hovering over 'Insurance' menu in navigation bar.
2026-04-09 22:22:24 INFO  utils.LoggerHandler - 'Insurance' menu hovered successfully.
2026-04-09 22:22:24 INFO  utils.LoggerHandler - Hovering over 'Life Insurance' under Insurance menu.
2026-04-09 22:22:24 INFO  utils.LoggerHandler - 'Life Insurance' menu hovered successfully.
2026-04-09 22:22:24 INFO  utils.LoggerHandler - Clicking on 'Human Life Value Calculator' option.
2026-04-09 22:22:28 INFO  utils.LoggerHandler - 'Human Life Value Calculator' clicked successfully.
2026-04-09 22:22:28 INFO  utils.LoggerHandler - Verifying HLV Calculator page title.
2026-04-09 22:22:28 INFO  utils.LoggerHandler - HLV Calculator page title verified successfully.
2026-04-09 22:22:28 INFO  utils.LoggerHandler - Entering name: john@gh
2026-04-09 22:22:31 INFO  utils.LoggerHandler - Name entered successfully.
2026-04-09 22:22:31 INFO  utils.LoggerHandler - Entering birthday: 01012001
2026-04-09 22:22:35 INFO  utils.LoggerHandler - Birthday entered successfully.
2026-04-09 22:22:35 INFO  utils.LoggerHandler - Selecting annual income range 3–5 Lakhs.
2026-04-09 22:22:35 INFO  utils.LoggerHandler - Annual income option selected successfully.
2026-04-09 22:22:35 INFO  utils.LoggerHandler - Entering mobile number: 98765
2026-04-09 22:22:38 INFO  utils.LoggerHandler - Mobile number entered successfully.
2026-04-09 22:22:38 INFO  utils.LoggerHandler - Verifying error message displayed on HLV calculator.
2026-04-09 22:22:38 INFO  utils.LoggerHandler - Error message verified successfully.
2026-04-09 22:23:02 INFO  utils.LoggerHandler - Home Page Actions initialized successfully.
2026-04-09 22:23:02 INFO  utils.LoggerHandler - Investment Plans Page Actions initialized successfully.
2026-04-09 22:23:28 INFO  utils.LoggerHandler - Home Page Actions initialized successfully.
2026-04-09 22:23:28 INFO  utils.LoggerHandler - Step Passed: Insurance Advisors Page Actions initialized successfully.
2026-04-09 22:23:31 INFO  utils.LoggerHandler - Step: Hovering on 'Insurance Advisors Found' text.
2026-04-09 22:23:31 INFO  utils.LoggerHandler - Step Passed: Hover action performed successfully.
2026-04-09 22:23:31 INFO  utils.LoggerHandler - Step: Fetching 'Insurance Advisors Found' text.
2026-04-09 22:23:31 ERROR utils.LoggerHandler - Step Failed: Unable to verify Insurance Advisors found text. Error: stale element reference: stale element not found in the current frame
  (Session info: chrome=147.0.7727.56)
For documentation on this error, please visit: https://www.selenium.dev/documentation/webdriver/troubleshooting/errors#staleelementreferenceexception
Build info: version: '4.41.0', revision: '9fc754f'
System info: os.name: 'Windows 11', os.arch: 'amd64', os.version: '10.0', java.version: '17.0.18'
Driver info: org.openqa.selenium.chrome.ChromeDriver
Command: [d12d9cac5e8ea97d6ac7064b1ea59668, getElementText {id=f.72BDD871899D2CA5FCB129A065119A37.d.68BCAD6353E62F531F3A5F3065284C71.e.218}]
Capabilities {acceptInsecureCerts: false, browserName: chrome, browserVersion: 147.0.7727.56, chrome: {chromedriverVersion: 147.0.7727.56 (b28eac7a1a97..., userDataDir: C:\Users\10853349\AppData\L...}, fedcm:accounts: true, goog:chromeOptions: {debuggerAddress: localhost:64161}, goog:processID: 21356, networkConnectionEnabled: false, pageLoadStrategy: normal, platformName: windows, proxy: Proxy(), se:cdp: ws://localhost:64161/devtoo..., se:cdpVersion: 147.0.7727.56, setWindowRect: true, strictFileInteractability: false, timeouts: {implicit: 0, pageLoad: 300000, script: 30000}, unhandledPromptBehavior: dismiss and notify, webauthn:extension:credBlob: true, webauthn:extension:largeBlob: true, webauthn:extension:minPinLength: true, webauthn:extension:prf: true, webauthn:virtualAuthenticators: true}
Element: [[ChromeDriver: chrome on windows (d12d9cac5e8ea97d6ac7064b1ea59668)] -> xpath: //div[@class='agentFound']/p]
Session ID: d12d9cac5e8ea97d6ac7064b1ea59668
2026-04-09 22:23:40 INFO  utils.LoggerHandler - Home Page Actions initialized successfully.
2026-04-09 22:23:40 INFO  utils.LoggerHandler - Step Passed: Insurance Advisors Page Actions initialized successfully.
2026-04-09 22:23:43 INFO  utils.LoggerHandler - Step: Hovering on 'Insurance Advisors Found' text.
2026-04-09 22:23:44 INFO  utils.LoggerHandler - Step Passed: Hover action performed successfully.
2026-04-09 22:23:44 INFO  utils.LoggerHandler - Step: Fetching 'Insurance Advisors Found' text.
2026-04-09 22:23:44 INFO  utils.LoggerHandler - Step: Verifying 'Insurance Advisors Found' text.
2026-04-09 22:23:44 INFO  utils.LoggerHandler - Step Passed: Insurance Advisors found text verified successfully. Expected: '6 Insurance Advisors found' | Actual: '6 Insurance Advisors found'
2026-04-09 22:23:44 INFO  utils.LoggerHandler - Step: Hovering over 'Book Home Visit' for first advisor.
2026-04-09 22:23:44 INFO  utils.LoggerHandler - Step Passed: Hovered over first advisor 'Book Home Visit' button.
2026-04-09 22:23:44 INFO  utils.LoggerHandler - Step: Waiting before clicking 'Book Home Visit'.
2026-04-09 22:23:47 INFO  utils.LoggerHandler - Step Passed: Wait completed successfully.
2026-04-09 22:23:47 INFO  utils.LoggerHandler - Step: Clicking 'Book Home Visit' for first advisor.
2026-04-09 22:23:47 INFO  utils.LoggerHandler - Step Passed: Clicked 'Book Home Visit' for first advisor successfully.
2026-04-09 22:23:47 INFO  utils.LoggerHandler - Step: Entering Name in booking form: John
2026-04-09 22:23:47 INFO  utils.LoggerHandler - Step Passed: Name entered successfully.
2026-04-09 22:23:47 INFO  utils.LoggerHandler - Step: Entering invalid Mobile Number in booking form: 98765
2026-04-09 22:23:48 INFO  utils.LoggerHandler - Step Passed: Invalid mobile number entered successfully.
2026-04-09 22:23:48 INFO  utils.LoggerHandler - Step: Waiting before clicking Submit.
2026-04-09 22:23:51 INFO  utils.LoggerHandler - Step Passed: Wait completed successfully.
2026-04-09 22:23:51 INFO  utils.LoggerHandler - Step: Clicking Submit button to submit request.
2026-04-09 22:23:51 INFO  utils.LoggerHandler - Step Passed: Submit button clicked successfully.
2026-04-09 22:23:51 INFO  utils.LoggerHandler - Step: Fetching validation error message text.
2026-04-09 22:23:51 INFO  utils.LoggerHandler - Step: Verifying validation error message text.
2026-04-09 22:23:51 INFO  utils.LoggerHandler - Step Passed: Error message verified successfully. Expected: 'The mobile must be at least 10 characters.' | Actual: 'The mobile must be at least 10 characters.'
2026-04-09 22:24:02 INFO  utils.LoggerHandler - Home Page Actions initialized successfully.
2026-04-09 22:24:02 INFO  utils.LoggerHandler - Step Passed: Insurance Advisors Page Actions initialized successfully.
2026-04-09 22:24:04 INFO  utils.LoggerHandler - Step: Hovering over 'Book Home Visit' button.
2026-04-09 22:24:05 INFO  utils.LoggerHandler - Step Passed: Hovered over 'Book Home Visit' button.
2026-04-09 22:24:05 INFO  utils.LoggerHandler - Step: Waiting before clicking 'Book Home Visit' button.
2026-04-09 22:24:08 INFO  utils.LoggerHandler - Step Passed: Wait completed successfully.
2026-04-09 22:24:08 INFO  utils.LoggerHandler - Step: Clicking 'Book Home Visit' button.
2026-04-09 22:24:08 INFO  utils.LoggerHandler - Step Passed: 'Book Home Visit' button clicked successfully.
2026-04-09 22:24:08 INFO  utils.LoggerHandler - Step: Hovering over 'Schedule Home Visit' button.
2026-04-09 22:24:09 INFO  utils.LoggerHandler - Step Passed: Hovered over 'Schedule Home Visit' button.
2026-04-09 22:24:09 INFO  utils.LoggerHandler - Step: Waiting before clicking 'Schedule Home Visit'.
2026-04-09 22:24:12 INFO  utils.LoggerHandler - Step Passed: Wait completed successfully.
2026-04-09 22:24:12 INFO  utils.LoggerHandler - Step: Clicking 'Schedule Home Visit' button.
2026-04-09 22:24:12 INFO  utils.LoggerHandler - Step Passed: 'Schedule Home Visit' clicked successfully.
2026-04-09 22:24:12 INFO  utils.LoggerHandler - Step: Entering Name in booking form: John
2026-04-09 22:24:12 INFO  utils.LoggerHandler - Step Passed: Name entered successfully.
2026-04-09 22:24:12 INFO  utils.LoggerHandler - Step: Entering Mobile Number in booking form: 9876543210
2026-04-09 22:24:12 INFO  utils.LoggerHandler - Step Passed: Mobile number entered successfully.
2026-04-09 22:24:12 INFO  utils.LoggerHandler - Step: Hovering over 'Schedule Home Visit' button.
2026-04-09 22:24:12 INFO  utils.LoggerHandler - Step Passed: Hovered over 'Schedule Home Visit' button.
2026-04-09 22:24:12 INFO  utils.LoggerHandler - Step: Waiting before clicking 'Schedule Home Visit'.
2026-04-09 22:24:15 INFO  utils.LoggerHandler - Step Passed: Wait completed successfully.
2026-04-09 22:24:15 INFO  utils.LoggerHandler - Step: Clicking 'Schedule Home Visit' button.
2026-04-09 22:24:16 INFO  utils.LoggerHandler - Step Passed: 'Schedule Home Visit' clicked successfully.
2026-04-09 22:24:16 INFO  utils.LoggerHandler - Step: Hovering over 'Schedule Visit' button.
2026-04-09 22:24:17 INFO  utils.LoggerHandler - Step Passed: Hovered over 'Schedule Visit' button.
2026-04-09 22:24:17 INFO  utils.LoggerHandler - Step: Waiting before clicking 'Schedule Visit'.
2026-04-09 22:24:20 INFO  utils.LoggerHandler - Step Passed: Wait completed successfully.
2026-04-09 22:24:20 INFO  utils.LoggerHandler - Step: Clicking 'Schedule Visit' button.
2026-04-09 22:24:20 INFO  utils.LoggerHandler - Step Passed: 'Schedule Visit' clicked successfully.
2026-04-09 22:24:20 INFO  utils.LoggerHandler - Step: Clicking on 'Enter location manually' option.
2026-04-09 22:24:20 INFO  utils.LoggerHandler - Step Passed: 'Enter location manually' option selected successfully.
2026-04-09 22:24:20 INFO  utils.LoggerHandler - Step: Fetching 'Your location details' section header.
2026-04-09 22:24:21 INFO  utils.LoggerHandler - Step: Verifying 'Your location details' section header.
2026-04-09 22:24:21 INFO  utils.LoggerHandler - Step Passed: Location details section verified successfully. Expected: 'Your location details' | Actual: 'Your location details'
2026-04-09 22:24:21 INFO  utils.LoggerHandler - Step: Entering pincode: 110055
2026-04-09 22:24:21 INFO  utils.LoggerHandler - Step Passed: Pincode entered successfully.
2026-04-09 22:24:21 INFO  utils.LoggerHandler - Step: Entering house number/address: House1
2026-04-09 22:24:21 INFO  utils.LoggerHandler - Step Passed: House number/address entered successfully.
2026-04-09 22:24:21 INFO  utils.LoggerHandler - Step: Entering area/road/sector: Road1
2026-04-09 22:24:21 INFO  utils.LoggerHandler - Step Passed: Area/road/sector entered successfully.
2026-04-09 22:24:32 INFO  utils.LoggerHandler - Home Page Actions initialized successfully.
2026-04-09 22:24:32 INFO  utils.LoggerHandler - Step Passed: Insurance Advisors Page Actions initialized successfully.
2026-04-09 22:24:34 INFO  utils.LoggerHandler - Step: Hovering over 'Book Home Visit' button.
2026-04-09 22:24:35 INFO  utils.LoggerHandler - Step Passed: Hovered over 'Book Home Visit' button.
2026-04-09 22:24:35 INFO  utils.LoggerHandler - Step: Waiting before clicking 'Book Home Visit' button.
2026-04-09 22:24:38 INFO  utils.LoggerHandler - Step Passed: Wait completed successfully.
2026-04-09 22:24:38 INFO  utils.LoggerHandler - Step: Clicking 'Book Home Visit' button.
2026-04-09 22:24:38 INFO  utils.LoggerHandler - Step Passed: 'Book Home Visit' button clicked successfully.
2026-04-09 22:24:38 INFO  utils.LoggerHandler - Step: Hovering over 'Schedule Home Visit' button.
2026-04-09 22:24:39 INFO  utils.LoggerHandler - Step Passed: Hovered over 'Schedule Home Visit' button.
2026-04-09 22:24:39 INFO  utils.LoggerHandler - Step: Waiting before clicking 'Schedule Home Visit'.
2026-04-09 22:24:42 INFO  utils.LoggerHandler - Step Passed: Wait completed successfully.
2026-04-09 22:24:42 INFO  utils.LoggerHandler - Step: Clicking 'Schedule Home Visit' button.
2026-04-09 22:24:42 INFO  utils.LoggerHandler - Step Passed: 'Schedule Home Visit' clicked successfully.
2026-04-09 22:24:42 INFO  utils.LoggerHandler - Step: Entering Name in booking form: John
2026-04-09 22:24:42 INFO  utils.LoggerHandler - Step Passed: Name entered successfully.
2026-04-09 22:24:42 INFO  utils.LoggerHandler - Step: Entering Mobile Number in booking form: 9876543210
2026-04-09 22:24:42 INFO  utils.LoggerHandler - Step Passed: Mobile number entered successfully.
2026-04-09 22:24:42 INFO  utils.LoggerHandler - Step: Hovering over 'Schedule Home Visit' button.
2026-04-09 22:24:43 INFO  utils.LoggerHandler - Step Passed: Hovered over 'Schedule Home Visit' button.
2026-04-09 22:24:43 INFO  utils.LoggerHandler - Step: Waiting before clicking 'Schedule Home Visit'.
2026-04-09 22:24:46 INFO  utils.LoggerHandler - Step Passed: Wait completed successfully.
2026-04-09 22:24:46 INFO  utils.LoggerHandler - Step: Clicking 'Schedule Home Visit' button.
2026-04-09 22:24:46 INFO  utils.LoggerHandler - Step Passed: 'Schedule Home Visit' clicked successfully.
2026-04-09 22:24:46 INFO  utils.LoggerHandler - Step: Hovering over 'Schedule Visit' button.
2026-04-09 22:24:47 INFO  utils.LoggerHandler - Step Passed: Hovered over 'Schedule Visit' button.
2026-04-09 22:24:47 INFO  utils.LoggerHandler - Step: Waiting before clicking 'Schedule Visit'.
2026-04-09 22:24:50 INFO  utils.LoggerHandler - Step Passed: Wait completed successfully.
2026-04-09 22:24:50 INFO  utils.LoggerHandler - Step: Clicking 'Schedule Visit' button.
2026-04-09 22:24:50 INFO  utils.LoggerHandler - Step Passed: 'Schedule Visit' clicked successfully.
2026-04-09 22:24:50 INFO  utils.LoggerHandler - Step: Clicking on 'Enter location manually' option.
2026-04-09 22:24:50 INFO  utils.LoggerHandler - Step Passed: 'Enter location manually' option selected successfully.
2026-04-09 22:24:50 INFO  utils.LoggerHandler - Step: Entering pincode: 110055
2026-04-09 22:24:51 INFO  utils.LoggerHandler - Step Passed: Pincode entered successfully.
2026-04-09 22:24:51 INFO  utils.LoggerHandler - Step: Entering house number/address: House1
2026-04-09 22:24:51 INFO  utils.LoggerHandler - Step Passed: House number/address entered successfully.
2026-04-09 22:24:51 INFO  utils.LoggerHandler - Step: Clicking 'Schedule Visit' CTA from location details section.
2026-04-09 22:24:51 INFO  utils.LoggerHandler - Step Passed: 'Schedule Visit' CTA clicked successfully.
2026-04-09 22:24:51 INFO  utils.LoggerHandler - Step: Fetching area field validation error message.
2026-04-09 22:24:51 INFO  utils.LoggerHandler - Step: Verifying area field validation error message.
2026-04-09 22:24:51 INFO  utils.LoggerHandler - Step Passed: Area validation message verified successfully. Expected: 'The road/area/sector field is required.' | Actual: 'The road/area/sector field is required.'
2026-04-09 22:25:01 INFO  utils.LoggerHandler - Home Page Actions initialized successfully.
2026-04-09 22:25:01 INFO  utils.LoggerHandler - Step Passed: Insurance Advisors Page Actions initialized successfully.
2026-04-09 22:25:03 INFO  utils.LoggerHandler - Step: Scrolling to filter section.
2026-04-09 22:25:03 INFO  utils.LoggerHandler - Step Passed: Scrolled to filter section successfully.
2026-04-09 22:25:03 INFO  utils.LoggerHandler - Step: Clicking location/city filter option.
2026-04-09 22:25:04 INFO  utils.LoggerHandler - Step Passed: Location/city filter selected successfully.
2026-04-09 22:25:07 INFO  utils.LoggerHandler - Step: Waiting for location header to be visible.
2026-04-09 22:25:07 INFO  utils.LoggerHandler - Step Passed: Location header is visible.
2026-04-09 22:25:07 INFO  utils.LoggerHandler - Step: Verifying advisor location header.
2026-04-09 22:25:07 INFO  utils.LoggerHandler - Step Passed: Location header verified successfully.
2026-04-09 22:25:07 INFO  utils.LoggerHandler - Step: Verifying 'No Advisors Found' message.
2026-04-09 22:25:07 INFO  utils.LoggerHandler - Step Passed: No advisor message verified successfully.
2026-04-09 22:25:17 INFO  utils.LoggerHandler - Home Page Actions initialized successfully.
2026-04-09 22:25:19 INFO  utils.LoggerHandler - Step: Clicking on 'Terms and Conditions' link.
2026-04-09 22:25:19 INFO  utils.LoggerHandler - Step Passed: 'Terms and Conditions' link clicked successfully.
2026-04-09 22:25:19 INFO  utils.LoggerHandler - Step: Verifying Terms and Conditions text is displayed.
2026-04-09 22:25:19 INFO  utils.LoggerHandler - Step Passed: Terms and Conditions text verified successfully.
2026-04-09 22:25:19 INFO  utils.LoggerHandler - Step: Entering valid mobile number in input field: 9876546111
2026-04-09 22:25:19 INFO  utils.LoggerHandler - Step Passed: Valid mobile number entered successfully.
2026-04-09 22:25:19 INFO  utils.LoggerHandler - Step: Clicking on 'Continue' button.
2026-04-09 22:25:20 INFO  utils.LoggerHandler - Step Passed: 'Continue' button clicked successfully.
2026-04-09 22:25:25 INFO  utils.LoggerHandler - Verified Otp sent to mobile
2026-04-09 22:25:35 INFO  utils.LoggerHandler - Home Page Actions initialized successfully.
2026-04-09 22:25:36 INFO  utils.LoggerHandler - Step: Clicking on 'Terms and Conditions' link.
2026-04-09 22:25:36 INFO  utils.LoggerHandler - Step Passed: 'Terms and Conditions' link clicked successfully.
2026-04-09 22:25:36 INFO  utils.LoggerHandler - Step: Verifying Terms and Conditions text is displayed.
2026-04-09 22:25:36 INFO  utils.LoggerHandler - Step Passed: Terms and Conditions text verified successfully.
2026-04-09 22:25:36 INFO  utils.LoggerHandler - Step: Entering invalid mobile number in input field: 9876543
2026-04-09 22:25:37 INFO  utils.LoggerHandler - Step Passed: Invalid mobile number entered successfully.
2026-04-09 22:25:37 INFO  utils.LoggerHandler - Step: Clicking on 'Continue' button.
2026-04-09 22:25:37 INFO  utils.LoggerHandler - Step Passed: 'Continue' button clicked successfully.
2026-04-09 22:25:37 INFO  utils.LoggerHandler - Verified Wrong phone number input
2026-04-09 22:25:45 INFO  utils.LoggerHandler - Home Page Actions initialized successfully.
2026-04-09 22:25:45 INFO  utils.LoggerHandler - Car Insurance News Page Actions initialized successfully.
2026-04-09 22:25:45 INFO  utils.LoggerHandler - Step: Hovering over 'News' menu in the navigation bar.
2026-04-09 22:25:47 INFO  utils.LoggerHandler - Step Passed: Hovered over 'News' menu successfully.
2026-04-09 22:25:47 INFO  utils.LoggerHandler - Step: Clicking on 'Car Insurance News' option under News menu.
2026-04-09 22:25:48 INFO  utils.LoggerHandler - Step Passed: Clicked on 'Car Insurance News' successfully.
2026-04-09 22:25:48 INFO  utils.LoggerHandler - Verifying Car Insurance News page header.
2026-04-09 22:25:48 INFO  utils.LoggerHandler - Car Insurance News header verified successfully. Expected: 'Car Insurance News' | Actual: 'Car Insurance News'
2026-04-09 22:25:48 INFO  utils.LoggerHandler - Clicking on the first Car Insurance news article.
2026-04-09 22:25:49 INFO  utils.LoggerHandler - First Car Insurance news article clicked successfully.
2026-04-09 22:25:49 INFO  utils.LoggerHandler - Verifying author information for Car Insurance news article.
2026-04-09 22:25:49 INFO  utils.LoggerHandler - Author information verified successfully. Expected: 'Written by Navneet Bhatt' | Actual: 'Written by Navneet Bhatt'
2026-04-09 22:25:55 INFO  utils.LoggerHandler - Home Page Actions initialized successfully.
2026-04-09 22:25:55 INFO  utils.LoggerHandler - Health Insurance Article Page Actions initialized successfully.
2026-04-09 22:25:55 INFO  utils.LoggerHandler - Step: Hovering over 'News' menu in the navigation bar.
2026-04-09 22:25:58 INFO  utils.LoggerHandler - Step Passed: Hovered over 'News' menu successfully.
2026-04-09 22:25:58 INFO  utils.LoggerHandler - Step: Hovering over 'Health Insurance News' option under News menu.
2026-04-09 22:25:59 INFO  utils.LoggerHandler - Step Passed: Hovered over 'Health Insurance News' successfully.
2026-04-09 22:25:59 INFO  utils.LoggerHandler - Step: Clicking on the Health Insurance article under News section.
2026-04-09 22:26:00 INFO  utils.LoggerHandler - Step Passed: Health Insurance article clicked successfully.
2026-04-09 22:26:00 INFO  utils.LoggerHandler - Verifying Health Insurance article header.
2026-04-09 22:26:00 INFO  utils.LoggerHandler - Health Insurance article header verified successfully. Expected: 'Health Insurance Articles' | Actual: 'Health Insurance Articles'
2026-04-09 22:26:00 INFO  utils.LoggerHandler - Clicking on the first Health Insurance article.
2026-04-09 22:26:01 INFO  utils.LoggerHandler - First Health Insurance article clicked successfully.
2026-04-09 22:26:01 INFO  utils.LoggerHandler - Verifying author information for Car Insurance news article.
2026-04-09 22:26:01 ERROR utils.LoggerHandler - Failed to verify News Written By Author
