2026-04-09 18:25:34 INFO  utils.LoggerHandler - Home Page Actions initialized successfully.
2026-04-09 18:25:34 INFO  utils.LoggerHandler - Car Insurance Page Actions initialized successfully.
2026-04-09 18:25:35 INFO  utils.LoggerHandler - Exception in verifyInsuranceDekhoIsVisible
2026-04-09 18:25:35 INFO  utils.LoggerHandler - Hovering over 'Insurance' menu in navigation bar.
2026-04-09 18:25:35 INFO  utils.LoggerHandler - 'Insurance' menu hovered successfully.
2026-04-09 18:25:35 INFO  utils.LoggerHandler - Clicking on 'Car Insurance' option from Insurance dropdown.
2026-04-09 18:25:36 INFO  utils.LoggerHandler - 'Car Insurance' option clicked successfully.
2026-04-09 18:25:36 INFO  utils.LoggerHandler - Verifying Car Insurance page heading.
2026-04-09 18:25:37 INFO  utils.LoggerHandler - Car Insurance page heading verified successfully. Expected: 'Car Insurance' | Actual: 'Car Insurance'
2026-04-09 18:25:42 INFO  utils.LoggerHandler - Home Page Actions initialized successfully.
2026-04-09 18:25:42 INFO  utils.LoggerHandler - Add-On Cover Page Actions initialized successfully.
2026-04-09 18:25:42 INFO  utils.LoggerHandler - Hovering over 'Insurance' menu in navigation bar.
2026-04-09 18:25:43 INFO  utils.LoggerHandler - 'Insurance' menu hovered successfully.
2026-04-09 18:25:44 INFO  utils.LoggerHandler - Hovering over 'Insurance' menu in navigation bar.
2026-04-09 18:25:44 INFO  utils.LoggerHandler - 'Insurance' menu hovered successfully.
2026-04-09 18:25:44 INFO  utils.LoggerHandler - Hovering over 'Car Insurance' under Insurance menu.
2026-04-09 18:25:44 INFO  utils.LoggerHandler - 'Car Insurance' menu hovered successfully.
2026-04-09 18:25:44 INFO  utils.LoggerHandler - Clicking on 'Add on Cover' option.
2026-04-09 18:25:45 INFO  utils.LoggerHandler - 'Add on Cover' page navigation triggered successfully.
2026-04-09 18:25:45 INFO  utils.LoggerHandler - Attempting to scroll to 'Calculate your Car IDV' section.
2026-04-09 18:25:45 INFO  utils.LoggerHandler - 'Calculate your Car IDV' section is visible now.
2026-04-09 18:25:45 INFO  utils.LoggerHandler - Clicking on Brand dropdown.
2026-04-09 18:25:48 INFO  utils.LoggerHandler - Selecting first available brand from dropdown.
2026-04-09 18:25:49 INFO  utils.LoggerHandler - Car brand selected successfully.
2026-04-09 18:25:49 INFO  utils.LoggerHandler - Clicking on Model dropdown.
2026-04-09 18:25:49 INFO  utils.LoggerHandler - Entering car model value 'Alto 800'.
2026-04-09 18:25:49 INFO  utils.LoggerHandler - Selecting first matching model from dropdown.
2026-04-09 18:25:49 INFO  utils.LoggerHandler - Car model selected successfully.
2026-04-09 18:25:49 INFO  utils.LoggerHandler - Clicking on Year dropdown.
2026-04-09 18:25:49 INFO  utils.LoggerHandler - Selecting first available year.
2026-04-09 18:25:49 INFO  utils.LoggerHandler - Manufacturing year selected successfully.
2026-04-09 18:25:49 INFO  utils.LoggerHandler - Clicking on 'Calculate' button to generate IDV amount.
2026-04-09 18:25:49 INFO  utils.LoggerHandler - 'Calculate' button clicked successfully.
2026-04-09 18:25:49 INFO  utils.LoggerHandler - Verifying calculated IDV amount is displayed.
2026-04-09 18:25:50 INFO  utils.LoggerHandler - IDV amount verified successfully. Expected: 'Rs. 2,58,547' | Actual: 'Rs. 2,58,547'
2026-04-09 18:25:56 INFO  utils.LoggerHandler - Home Page Actions initialized successfully.
2026-04-09 18:25:56 INFO  utils.LoggerHandler - Bike Claim Settlement Page Actions initialized successfully.
2026-04-09 18:25:56 INFO  utils.LoggerHandler - Hovering over 'Insurance' menu in navigation bar.
2026-04-09 18:25:56 INFO  utils.LoggerHandler - 'Insurance' menu hovered successfully.
2026-04-09 18:25:56 INFO  utils.LoggerHandler - Hovering over 'Insurance' menu in navigation bar.
2026-04-09 18:25:56 INFO  utils.LoggerHandler - 'Insurance' menu hovered successfully.
2026-04-09 18:25:56 INFO  utils.LoggerHandler - Hovering over 'Bike Insurance' under Insurance menu.
2026-04-09 18:25:59 INFO  utils.LoggerHandler - 'Bike Insurance' menu hovered successfully.
2026-04-09 18:25:59 INFO  utils.LoggerHandler - Clicking on 'Claim Settlement' under Bike Insurance menu.
2026-04-09 18:26:00 INFO  utils.LoggerHandler - 'Claim Settlement' clicked successfully.
2026-04-09 18:26:00 INFO  utils.LoggerHandler - Verifying Bike Insurance Claim Settlement page heading.
2026-04-09 18:26:01 INFO  utils.LoggerHandler - Bike Insurance Claim heading verified successfully. Expected: 'Bike Insurance Claim' | Actual: 'Bike Insurance Claim'
2026-04-09 18:26:01 INFO  utils.LoggerHandler - Scrolling to 'Calculate Two Wheeler IDV' section.
2026-04-09 18:26:01 INFO  utils.LoggerHandler - 'Calculate Two Wheeler IDV' section is now visible.
2026-04-09 18:26:01 INFO  utils.LoggerHandler - Selecting first brand option from Brand dropdown.
2026-04-09 18:26:01 INFO  utils.LoggerHandler - First brand selected successfully.
2026-04-09 18:26:01 INFO  utils.LoggerHandler - Selecting first bike model option.
2026-04-09 18:26:01 INFO  utils.LoggerHandler - Entering model name 'Splendor Plus'.
2026-04-09 18:26:01 INFO  utils.LoggerHandler - Bike model selected successfully.
2026-04-09 18:26:01 INFO  utils.LoggerHandler - Selecting manufacturing year from Year dropdown.
2026-04-09 18:26:02 INFO  utils.LoggerHandler - Manufacturing year selected successfully.
2026-04-09 18:26:02 INFO  utils.LoggerHandler - Clicking on Calculate button to generate IDV amount.
2026-04-09 18:26:03 INFO  utils.LoggerHandler - IDV amount verified successfully. Expected: 'Rs. 64,323' | Actual: 'Rs. 64,323'
2026-04-09 18:26:09 INFO  utils.LoggerHandler - Home Page Actions initialized successfully.
2026-04-09 18:26:09 INFO  utils.LoggerHandler - Human Life Value Page Actions initialized successfully.
2026-04-09 18:26:09 INFO  utils.LoggerHandler - Hovering over 'Insurance' menu in navigation bar.
2026-04-09 18:26:10 INFO  utils.LoggerHandler - 'Insurance' menu hovered successfully.
2026-04-09 18:26:10 INFO  utils.LoggerHandler - Hovering over 'Life Insurance' under Insurance menu.
2026-04-09 18:26:11 INFO  utils.LoggerHandler - 'Life Insurance' menu hovered successfully.
2026-04-09 18:26:11 INFO  utils.LoggerHandler - Clicking on 'Human Life Value Calculator' option.
2026-04-09 18:26:15 INFO  utils.LoggerHandler - 'Human Life Value Calculator' clicked successfully.
2026-04-09 18:26:15 INFO  utils.LoggerHandler - Verifying HLV Calculator page title.
2026-04-09 18:26:15 INFO  utils.LoggerHandler - HLV Calculator page title verified successfully.
2026-04-09 18:26:21 INFO  utils.LoggerHandler - Home Page Actions initialized successfully.
2026-04-09 18:26:21 INFO  utils.LoggerHandler - Human Life Value Page Actions initialized successfully.
2026-04-09 18:26:21 INFO  utils.LoggerHandler - Hovering over 'Insurance' menu in navigation bar.
2026-04-09 18:26:22 INFO  utils.LoggerHandler - 'Insurance' menu hovered successfully.
2026-04-09 18:26:22 INFO  utils.LoggerHandler - Hovering over 'Life Insurance' under Insurance menu.
2026-04-09 18:26:22 INFO  utils.LoggerHandler - 'Life Insurance' menu hovered successfully.
2026-04-09 18:26:22 INFO  utils.LoggerHandler - Clicking on 'Human Life Value Calculator' option.
2026-04-09 18:26:26 INFO  utils.LoggerHandler - 'Human Life Value Calculator' clicked successfully.
2026-04-09 18:26:26 INFO  utils.LoggerHandler - Verifying HLV Calculator page title.
2026-04-09 18:26:26 INFO  utils.LoggerHandler - HLV Calculator page title verified successfully.
2026-04-09 18:26:26 INFO  utils.LoggerHandler - Entering name: john@gh
2026-04-09 18:26:30 INFO  utils.LoggerHandler - Name entered successfully.
2026-04-09 18:26:30 INFO  utils.LoggerHandler - Entering birthday: 01012001
2026-04-09 18:26:33 INFO  utils.LoggerHandler - Birthday entered successfully.
2026-04-09 18:26:33 INFO  utils.LoggerHandler - Selecting annual income range 3–5 Lakhs.
2026-04-09 18:26:33 INFO  utils.LoggerHandler - Annual income option selected successfully.
2026-04-09 18:26:33 INFO  utils.LoggerHandler - Entering mobile number: 98765
2026-04-09 18:26:36 INFO  utils.LoggerHandler - Mobile number entered successfully.
2026-04-09 18:26:36 INFO  utils.LoggerHandler - Verifying error message displayed on HLV calculator.
2026-04-09 18:26:36 INFO  utils.LoggerHandler - Error message verified successfully.
2026-04-09 18:26:44 INFO  utils.LoggerHandler - Home Page Actions initialized successfully.
2026-04-09 18:26:44 INFO  utils.LoggerHandler - Investment Plans Page Actions initialized successfully.
2026-04-09 18:26:44 INFO  utils.LoggerHandler - Hovering over 'Insurance' menu in navigation bar.
2026-04-09 18:26:44 INFO  utils.LoggerHandler - 'Insurance' menu hovered successfully.
2026-04-09 18:26:45 INFO  utils.LoggerHandler - Hover over Investment.
2026-04-09 18:27:05 INFO  utils.LoggerHandler - Exception in clickOnInvestmentPlans
2026-04-09 18:27:05 INFO  utils.LoggerHandler - Verifying 'Best Investment Plans in India' page heading.
2026-04-09 18:27:26 ERROR utils.LoggerHandler - Exception in verifyBestInvestmentPlansHeading: Expected condition failed: waiting for visibility of element found by By.xpath: //h1[@content='Best Investment Plans in India 2026'], but... org.openqa.selenium.NoSuchElementException: no such element: Unable to locate element: {"method":"xpath","selector":"//h1[@content='Best Investment Plans in India 2026']"}.
(tried for 15 seconds with 500 milliseconds interval)
Build info: version: '4.41.0', revision: '9fc754f'
System info: os.name: 'Windows 11', os.arch: 'amd64', os.version: '10.0', java.version: '17.0.18'
Driver info: org.openqa.selenium.chrome.ChromeDriver
Capabilities {acceptInsecureCerts: false, browserName: chrome, browserVersion: 147.0.7727.56, chrome: {chromedriverVersion: 147.0.7727.56 (b28eac7a1a97..., userDataDir: C:\Users\10853349\AppData\L...}, fedcm:accounts: true, goog:chromeOptions: {debuggerAddress: localhost:54493}, goog:processID: 10384, networkConnectionEnabled: false, pageLoadStrategy: normal, platformName: windows, proxy: Proxy(), se:cdp: ws://localhost:54493/devtoo..., se:cdpVersion: 147.0.7727.56, setWindowRect: true, strictFileInteractability: false, timeouts: {implicit: 0, pageLoad: 300000, script: 30000}, unhandledPromptBehavior: dismiss and notify, webauthn:extension:credBlob: true, webauthn:extension:largeBlob: true, webauthn:extension:minPinLength: true, webauthn:extension:prf: true, webauthn:virtualAuthenticators: true}
Session ID: d53a31400a149f052d6a0216460923e5
2026-04-09 18:27:33 INFO  utils.LoggerHandler - Home Page Actions initialized successfully.
2026-04-09 18:27:33 INFO  utils.LoggerHandler - Step Passed: Insurance Advisors Page Actions initialized successfully.
2026-04-09 18:27:35 INFO  utils.LoggerHandler - Step: Hovering on 'Insurance Advisors Found' text.
2026-04-09 18:27:35 INFO  utils.LoggerHandler - Step Passed: Hover action performed successfully.
2026-04-09 18:27:35 INFO  utils.LoggerHandler - Step: Fetching 'Insurance Advisors Found' text.
2026-04-09 18:27:35 INFO  utils.LoggerHandler - Step: Verifying 'Insurance Advisors Found' text.
2026-04-09 18:27:35 INFO  utils.LoggerHandler - Step Passed: Insurance Advisors found text verified successfully. Expected: '6 Insurance Advisors found' | Actual: '6 Insurance Advisors found'
2026-04-09 18:27:35 INFO  utils.LoggerHandler - Step: Hovering over 'Book Home Visit' for first advisor.
2026-04-09 18:27:36 INFO  utils.LoggerHandler - Step Passed: Hovered over first advisor 'Book Home Visit' button.
2026-04-09 18:27:36 INFO  utils.LoggerHandler - Step: Waiting before clicking 'Book Home Visit'.
2026-04-09 18:27:39 INFO  utils.LoggerHandler - Step Passed: Wait completed successfully.
2026-04-09 18:27:39 INFO  utils.LoggerHandler - Step: Clicking 'Book Home Visit' for first advisor.
2026-04-09 18:27:39 INFO  utils.LoggerHandler - Step Passed: Clicked 'Book Home Visit' for first advisor successfully.
2026-04-09 18:27:39 INFO  utils.LoggerHandler - Step: Entering Name in booking form: John
2026-04-09 18:27:39 INFO  utils.LoggerHandler - Step Passed: Name entered successfully.
2026-04-09 18:27:39 INFO  utils.LoggerHandler - Step: Entering Mobile Number in booking form: 9876543210
2026-04-09 18:27:39 INFO  utils.LoggerHandler - Step Passed: Mobile number entered successfully.
2026-04-09 18:27:39 INFO  utils.LoggerHandler - Step: Waiting before clicking Submit.
2026-04-09 18:27:42 INFO  utils.LoggerHandler - Step Passed: Wait completed successfully.
2026-04-09 18:27:42 INFO  utils.LoggerHandler - Step: Clicking Submit button to submit request.
2026-04-09 18:27:42 INFO  utils.LoggerHandler - Step Passed: Submit button clicked successfully.
2026-04-09 18:27:42 INFO  utils.LoggerHandler - Step: Waiting for Thank You message to appear.
2026-04-09 18:27:45 INFO  utils.LoggerHandler - Step Passed: Wait completed successfully.
2026-04-09 18:27:45 INFO  utils.LoggerHandler - Step: Fetching Thank You message text.
2026-04-09 18:27:45 INFO  utils.LoggerHandler - Step: Verifying Thank You message text.
2026-04-09 18:27:45 INFO  utils.LoggerHandler - Step Passed: Thank You message verified successfully. Expected: 'Thank you!' | Actual: 'Thank you!'
2026-04-09 18:27:52 INFO  utils.LoggerHandler - Exception in hoverOverInsuranceAdvisors
2026-04-09 18:27:52 INFO  utils.LoggerHandler - Exception in clickInsuranceAdvisorsInNewDelhi
2026-04-09 18:27:52 INFO  utils.LoggerHandler - Step: Hovering on 'Insurance Advisors Found' text.
2026-04-09 18:27:52 ERROR utils.LoggerHandler - Step Failed: Unable to verify Insurance Advisors found text. Error: Session ID is null. Using WebDriver after calling quit()?
Build info: version: '4.41.0', revision: '9fc754f'
System info: os.name: 'Windows 11', os.arch: 'amd64', os.version: '10.0', java.version: '17.0.18'
Driver info: org.openqa.selenium.chrome.ChromeDriver
Command: [null, findElement {using=xpath, value=//div[@class='agentFound']/p}]
Capabilities {acceptInsecureCerts: false, browserName: chrome, browserVersion: 147.0.7727.56, chrome: {chromedriverVersion: 147.0.7727.56 (b28eac7a1a97..., userDataDir: C:\Users\10853349\AppData\L...}, fedcm:accounts: true, goog:chromeOptions: {debuggerAddress: localhost:58130}, goog:processID: 11524, networkConnectionEnabled: false, pageLoadStrategy: normal, platformName: windows, proxy: Proxy(), se:cdp: ws://localhost:58130/devtoo..., se:cdpVersion: 147.0.7727.56, setWindowRect: true, strictFileInteractability: false, timeouts: {implicit: 0, pageLoad: 300000, script: 30000}, unhandledPromptBehavior: dismiss and notify, webauthn:extension:credBlob: true, webauthn:extension:largeBlob: true, webauthn:extension:minPinLength: true, webauthn:extension:prf: true, webauthn:virtualAuthenticators: true}
