2026-04-09 17:54:20 INFO  utils.LoggerHandler - Home Page Actions initialized successfully.
2026-04-09 17:54:20 INFO  utils.LoggerHandler - Car Insurance Page Actions initialized successfully.
2026-04-09 17:54:21 INFO  utils.LoggerHandler - Verifying element is displayed: InsuranceDekho Logo
2026-04-09 17:54:21 INFO  utils.LoggerHandler - PASSED: Element displayed successfully -> InsuranceDekho Logo
2026-04-09 17:54:21 INFO  utils.LoggerHandler - Hovering over 'Insurance' menu in navigation bar.
2026-04-09 17:54:21 INFO  utils.LoggerHandler - 'Insurance' menu hovered successfully.
2026-04-09 17:54:21 INFO  utils.LoggerHandler - Clicking on 'Car Insurance' option from Insurance dropdown.
2026-04-09 17:54:22 INFO  utils.LoggerHandler - 'Car Insurance' option clicked successfully.
2026-04-09 17:54:22 INFO  utils.LoggerHandler - Verifying Car Insurance page heading.
2026-04-09 17:54:22 INFO  utils.LoggerHandler - Car Insurance page heading verified successfully. Expected: 'Car Insurance' | Actual: 'Car Insurance'
2026-04-09 17:54:29 INFO  utils.LoggerHandler - Home Page Actions initialized successfully.
2026-04-09 17:54:29 INFO  utils.LoggerHandler - Add-On Cover Page Actions initialized successfully.
2026-04-09 17:54:29 INFO  utils.LoggerHandler - Hovering over 'Insurance' menu in navigation bar.
2026-04-09 17:54:30 INFO  utils.LoggerHandler - 'Insurance' menu hovered successfully.
2026-04-09 17:54:30 INFO  utils.LoggerHandler - Hovering over 'Insurance' menu in navigation bar.
2026-04-09 17:54:30 INFO  utils.LoggerHandler - 'Insurance' menu hovered successfully.
2026-04-09 17:54:30 INFO  utils.LoggerHandler - Hovering over 'Car Insurance' under Insurance menu.
2026-04-09 17:54:30 INFO  utils.LoggerHandler - 'Car Insurance' menu hovered successfully.
2026-04-09 17:54:30 INFO  utils.LoggerHandler - Clicking on 'Add on Cover' option.
2026-04-09 17:54:31 INFO  utils.LoggerHandler - 'Add on Cover' page navigation triggered successfully.
2026-04-09 17:54:31 INFO  utils.LoggerHandler - Attempting to scroll to 'Calculate your Car IDV' section.
2026-04-09 17:54:32 INFO  utils.LoggerHandler - 'Calculate your Car IDV' section is visible now.
2026-04-09 17:54:32 INFO  utils.LoggerHandler - Clicking on Brand dropdown.
2026-04-09 17:54:35 INFO  utils.LoggerHandler - Selecting first available brand from dropdown.
2026-04-09 17:54:35 INFO  utils.LoggerHandler - Car brand selected successfully.
2026-04-09 17:54:35 INFO  utils.LoggerHandler - Clicking on Model dropdown.
2026-04-09 17:54:35 INFO  utils.LoggerHandler - Entering car model value 'Alto 800'.
2026-04-09 17:54:35 INFO  utils.LoggerHandler - Selecting first matching model from dropdown.
2026-04-09 17:54:35 INFO  utils.LoggerHandler - Car model selected successfully.
2026-04-09 17:54:35 INFO  utils.LoggerHandler - Clicking on Year dropdown.
2026-04-09 17:54:35 INFO  utils.LoggerHandler - Selecting first available year.
2026-04-09 17:54:35 INFO  utils.LoggerHandler - Manufacturing year selected successfully.
2026-04-09 17:54:35 INFO  utils.LoggerHandler - Clicking on 'Calculate' button to generate IDV amount.
2026-04-09 17:54:36 INFO  utils.LoggerHandler - 'Calculate' button clicked successfully.
2026-04-09 17:54:36 INFO  utils.LoggerHandler - Verifying calculated IDV amount is displayed.
2026-04-09 17:54:36 INFO  utils.LoggerHandler - IDV amount verified successfully. Expected: 'Rs. 2,58,547' | Actual: 'Rs. 2,58,547'
2026-04-09 17:54:42 INFO  utils.LoggerHandler - Home Page Actions initialized successfully.
2026-04-09 17:54:42 INFO  utils.LoggerHandler - Bike Claim Settlement Page Actions initialized successfully.
2026-04-09 17:54:42 INFO  utils.LoggerHandler - Hovering over 'Insurance' menu in navigation bar.
2026-04-09 17:54:43 INFO  utils.LoggerHandler - 'Insurance' menu hovered successfully.
2026-04-09 17:54:43 INFO  utils.LoggerHandler - Hovering over 'Insurance' menu in navigation bar.
2026-04-09 17:54:43 INFO  utils.LoggerHandler - 'Insurance' menu hovered successfully.
2026-04-09 17:54:43 INFO  utils.LoggerHandler - Hovering over 'Bike Insurance' under Insurance menu.
2026-04-09 17:54:46 INFO  utils.LoggerHandler - 'Bike Insurance' menu hovered successfully.
2026-04-09 17:54:46 INFO  utils.LoggerHandler - Clicking on 'Claim Settlement' under Bike Insurance menu.
2026-04-09 17:54:47 INFO  utils.LoggerHandler - 'Claim Settlement' clicked successfully.
2026-04-09 17:54:47 INFO  utils.LoggerHandler - Verifying Bike Insurance Claim Settlement page heading.
2026-04-09 17:54:47 INFO  utils.LoggerHandler - Bike Insurance Claim heading verified successfully. Expected: 'Bike Insurance Claim' | Actual: 'Bike Insurance Claim'
2026-04-09 17:54:47 INFO  utils.LoggerHandler - Scrolling to 'Calculate Two Wheeler IDV' section.
2026-04-09 17:54:47 INFO  utils.LoggerHandler - 'Calculate Two Wheeler IDV' section is now visible.
2026-04-09 17:54:47 INFO  utils.LoggerHandler - Selecting first brand option from Brand dropdown.
2026-04-09 17:54:48 INFO  utils.LoggerHandler - First brand selected successfully.
2026-04-09 17:54:48 INFO  utils.LoggerHandler - Selecting first bike model option.
2026-04-09 17:54:48 INFO  utils.LoggerHandler - Entering model name 'Splendor Plus'.
2026-04-09 17:54:48 INFO  utils.LoggerHandler - Bike model selected successfully.
2026-04-09 17:54:48 INFO  utils.LoggerHandler - Selecting manufacturing year from Year dropdown.
2026-04-09 17:54:48 INFO  utils.LoggerHandler - Manufacturing year selected successfully.
2026-04-09 17:54:48 INFO  utils.LoggerHandler - Clicking on Calculate button to generate IDV amount.
2026-04-09 17:54:49 INFO  utils.LoggerHandler - IDV amount verified successfully. Expected: 'Rs. 64,323' | Actual: 'Rs. 64,323'
2026-04-09 17:54:54 INFO  utils.LoggerHandler - Home Page Actions initialized successfully.
2026-04-09 17:54:54 INFO  utils.LoggerHandler - Human Life Value Page Actions initialized successfully.
2026-04-09 17:54:54 INFO  utils.LoggerHandler - Hovering over 'Insurance' menu in navigation bar.
2026-04-09 17:54:55 INFO  utils.LoggerHandler - 'Insurance' menu hovered successfully.
2026-04-09 17:54:55 INFO  utils.LoggerHandler - Hovering over 'Life Insurance' under Insurance menu.
2026-04-09 17:54:55 INFO  utils.LoggerHandler - 'Life Insurance' menu hovered successfully.
2026-04-09 17:54:55 INFO  utils.LoggerHandler - Clicking on 'Human Life Value Calculator' option.
2026-04-09 17:54:59 INFO  utils.LoggerHandler - 'Human Life Value Calculator' clicked successfully.
2026-04-09 17:54:59 INFO  utils.LoggerHandler - Verifying HLV Calculator page title.
2026-04-09 17:54:59 INFO  utils.LoggerHandler - HLV Calculator page title verified successfully.
2026-04-09 17:55:06 INFO  utils.LoggerHandler - Home Page Actions initialized successfully.
2026-04-09 17:55:06 INFO  utils.LoggerHandler - Human Life Value Page Actions initialized successfully.
2026-04-09 17:55:06 INFO  utils.LoggerHandler - Hovering over 'Insurance' menu in navigation bar.
2026-04-09 17:55:07 INFO  utils.LoggerHandler - 'Insurance' menu hovered successfully.
2026-04-09 17:55:07 INFO  utils.LoggerHandler - Hovering over 'Life Insurance' under Insurance menu.
2026-04-09 17:55:07 INFO  utils.LoggerHandler - 'Life Insurance' menu hovered successfully.
2026-04-09 17:55:07 INFO  utils.LoggerHandler - Clicking on 'Human Life Value Calculator' option.
2026-04-09 17:55:11 INFO  utils.LoggerHandler - 'Human Life Value Calculator' clicked successfully.
2026-04-09 17:55:11 INFO  utils.LoggerHandler - Verifying HLV Calculator page title.
2026-04-09 17:55:11 INFO  utils.LoggerHandler - HLV Calculator page title verified successfully.
2026-04-09 17:55:11 INFO  utils.LoggerHandler - Entering name: john@gh
2026-04-09 17:55:14 INFO  utils.LoggerHandler - Name entered successfully.
2026-04-09 17:55:14 INFO  utils.LoggerHandler - Entering birthday: 01012001
2026-04-09 17:55:18 INFO  utils.LoggerHandler - Birthday entered successfully.
2026-04-09 17:55:18 INFO  utils.LoggerHandler - Selecting annual income range 3–5 Lakhs.
2026-04-09 17:55:18 INFO  utils.LoggerHandler - Annual income option selected successfully.
2026-04-09 17:55:18 INFO  utils.LoggerHandler - Entering mobile number: 98765
2026-04-09 17:55:21 INFO  utils.LoggerHandler - Mobile number entered successfully.
2026-04-09 17:55:21 INFO  utils.LoggerHandler - Verifying error message displayed on HLV calculator.
2026-04-09 17:55:21 INFO  utils.LoggerHandler - Error message verified successfully.
2026-04-09 17:55:27 INFO  utils.LoggerHandler - Hovering over 'Insurance' menu in navigation bar.
2026-04-09 17:55:27 ERROR utils.LoggerHandler - Failed to hover 'Insurance'
