2026-04-09 18:18:40 INFO  utils.LoggerHandler - Home Page Actions initialized successfully.
2026-04-09 18:18:40 INFO  utils.LoggerHandler - Step Passed: Insurance Advisors Page Actions initialized successfully.
2026-04-09 18:18:42 INFO  utils.LoggerHandler - Step: Hovering on 'Insurance Advisors Found' text.
2026-04-09 18:18:43 INFO  utils.LoggerHandler - Step Passed: Hover action performed successfully.
2026-04-09 18:18:43 INFO  utils.LoggerHandler - Step: Fetching 'Insurance Advisors Found' text.
2026-04-09 18:18:43 INFO  utils.LoggerHandler - Step: Verifying 'Insurance Advisors Found' text.
2026-04-09 18:18:43 INFO  utils.LoggerHandler - Step Passed: Insurance Advisors found text verified successfully. Expected: '6 Insurance Advisors found' | Actual: '6 Insurance Advisors found'
2026-04-09 18:18:43 INFO  utils.LoggerHandler - Step: Hovering over 'Book Home Visit' for first advisor.
2026-04-09 18:18:43 INFO  utils.LoggerHandler - Step Passed: Hovered over first advisor 'Book Home Visit' button.
2026-04-09 18:18:43 INFO  utils.LoggerHandler - Step: Waiting before clicking 'Book Home Visit'.
2026-04-09 18:18:46 INFO  utils.LoggerHandler - Step Passed: Wait completed successfully.
2026-04-09 18:18:46 INFO  utils.LoggerHandler - Step: Clicking 'Book Home Visit' for first advisor.
2026-04-09 18:18:46 INFO  utils.LoggerHandler - Step Passed: Clicked 'Book Home Visit' for first advisor successfully.
2026-04-09 18:18:46 INFO  utils.LoggerHandler - Step: Entering Name in booking form: John
2026-04-09 18:18:47 INFO  utils.LoggerHandler - Step Passed: Name entered successfully.
2026-04-09 18:18:47 INFO  utils.LoggerHandler - Step: Entering Mobile Number in booking form: 9876543210
2026-04-09 18:18:47 INFO  utils.LoggerHandler - Step Passed: Mobile number entered successfully.
2026-04-09 18:18:47 INFO  utils.LoggerHandler - Step: Waiting before clicking Submit.
2026-04-09 18:18:50 INFO  utils.LoggerHandler - Step Passed: Wait completed successfully.
2026-04-09 18:18:50 INFO  utils.LoggerHandler - Step: Clicking Submit button to submit request.
2026-04-09 18:18:50 INFO  utils.LoggerHandler - Step Passed: Submit button clicked successfully.
2026-04-09 18:18:50 INFO  utils.LoggerHandler - Step: Waiting for Thank You message to appear.
2026-04-09 18:18:53 INFO  utils.LoggerHandler - Step Passed: Wait completed successfully.
2026-04-09 18:18:53 INFO  utils.LoggerHandler - Step: Fetching Thank You message text.
2026-04-09 18:18:53 INFO  utils.LoggerHandler - Step: Verifying Thank You message text.
2026-04-09 18:18:53 INFO  utils.LoggerHandler - Step Passed: Thank You message verified successfully. Expected: 'Thank you!' | Actual: 'Thank you!'
