2026-04-09 17:12:09 INFO  utils.LoggerHandler - Home Page Actions initialized successfully.
2026-04-09 17:12:09 INFO  utils.LoggerHandler - Car Insurance Page Actions initialized successfully.
2026-04-09 17:12:09 INFO  utils.LoggerHandler - Verifying element is displayed: InsuranceDekho Logo
2026-04-09 17:12:09 INFO  utils.LoggerHandler - PASSED: Element displayed successfully -> InsuranceDekho Logo
2026-04-09 17:12:09 INFO  utils.LoggerHandler - Hovering over 'Insurance' menu in navigation bar.
2026-04-09 17:12:10 INFO  utils.LoggerHandler - 'Insurance' menu hovered successfully.
2026-04-09 17:12:10 INFO  utils.LoggerHandler - Clicking on 'Car Insurance' option from Insurance dropdown.
2026-04-09 17:12:11 INFO  utils.LoggerHandler - 'Car Insurance' option clicked successfully.
2026-04-09 17:12:11 INFO  utils.LoggerHandler - Verifying Car Insurance page heading.
2026-04-09 17:12:11 INFO  utils.LoggerHandler - Car Insurance page heading verified successfully. Expected: 'Car Insurance' | Actual: 'Car Insurance'
2026-04-09 17:12:16 INFO  utils.LoggerHandler - Home Page Actions initialized successfully.
2026-04-09 17:12:16 INFO  utils.LoggerHandler - Add-On Cover Page Actions initialized successfully.
2026-04-09 17:12:16 INFO  utils.LoggerHandler - Hovering over 'Insurance' menu in navigation bar.
2026-04-09 17:12:17 INFO  utils.LoggerHandler - 'Insurance' menu hovered successfully.
2026-04-09 17:12:17 INFO  utils.LoggerHandler - Hovering over 'Insurance' menu in navigation bar.
2026-04-09 17:12:18 INFO  utils.LoggerHandler - 'Insurance' menu hovered successfully.
2026-04-09 17:12:18 INFO  utils.LoggerHandler - Hovering over 'Car Insurance' under Insurance menu.
2026-04-09 17:12:18 INFO  utils.LoggerHandler - 'Car Insurance' menu hovered successfully.
2026-04-09 17:12:18 INFO  utils.LoggerHandler - Clicking on 'Add on Cover' option.
2026-04-09 17:12:19 INFO  utils.LoggerHandler - 'Add on Cover' page navigation triggered successfully.
2026-04-09 17:12:19 INFO  utils.LoggerHandler - Attempting to scroll to 'Calculate your Car IDV' section.
2026-04-09 17:12:19 INFO  utils.LoggerHandler - 'Calculate your Car IDV' section is visible now.
2026-04-09 17:12:19 INFO  utils.LoggerHandler - Clicking on Brand dropdown.
2026-04-09 17:12:22 INFO  utils.LoggerHandler - Selecting first available brand from dropdown.
2026-04-09 17:12:22 INFO  utils.LoggerHandler - Car brand selected successfully.
2026-04-09 17:12:22 INFO  utils.LoggerHandler - Clicking on Model dropdown.
2026-04-09 17:12:22 INFO  utils.LoggerHandler - Entering car model value 'Alto 800'.
2026-04-09 17:12:22 INFO  utils.LoggerHandler - Selecting first matching model from dropdown.
2026-04-09 17:12:23 INFO  utils.LoggerHandler - Car model selected successfully.
2026-04-09 17:12:23 INFO  utils.LoggerHandler - Clicking on Year dropdown.
2026-04-09 17:12:23 INFO  utils.LoggerHandler - Selecting first available year.
2026-04-09 17:12:23 INFO  utils.LoggerHandler - Manufacturing year selected successfully.
2026-04-09 17:12:23 INFO  utils.LoggerHandler - Clicking on 'Calculate' button to generate IDV amount.
2026-04-09 17:12:23 INFO  utils.LoggerHandler - 'Calculate' button clicked successfully.
2026-04-09 17:12:23 INFO  utils.LoggerHandler - Verifying calculated IDV amount is displayed.
2026-04-09 17:12:23 INFO  utils.LoggerHandler - IDV amount verified successfully. Expected: 'Rs. 2,58,547' | Actual: 'Rs. 2,58,547'
2026-04-09 17:12:29 INFO  utils.LoggerHandler - Hovering over 'Insurance' menu in navigation bar.
2026-04-09 17:12:29 ERROR utils.LoggerHandler - Failed to hover 'Insurance'
