2026-04-09 19:58:13 INFO  utils.LoggerHandler - Home Page Actions initialized successfully.
2026-04-09 19:58:13 INFO  utils.LoggerHandler - Car Insurance Page Actions initialized successfully.
2026-04-09 19:58:13 INFO  utils.LoggerHandler - Verifying element is displayed: InsuranceDekho Logo
2026-04-09 19:58:14 INFO  utils.LoggerHandler - PASSED: Element displayed successfully -> InsuranceDekho Logo
2026-04-09 19:58:14 INFO  utils.LoggerHandler - Hovering over 'Insurance' menu in navigation bar.
2026-04-09 19:58:14 INFO  utils.LoggerHandler - 'Insurance' menu hovered successfully.
2026-04-09 19:58:14 INFO  utils.LoggerHandler - Clicking on 'Car Insurance' option from Insurance dropdown.
2026-04-09 19:58:15 INFO  utils.LoggerHandler - 'Car Insurance' option clicked successfully.
2026-04-09 19:58:15 INFO  utils.LoggerHandler - Verifying Car Insurance page heading.
2026-04-09 19:58:15 INFO  utils.LoggerHandler - Car Insurance page heading verified successfully. Expected: 'Car Insurance' | Actual: 'Car Insurance'
2026-04-09 19:58:21 INFO  utils.LoggerHandler - Home Page Actions initialized successfully.
2026-04-09 19:58:21 INFO  utils.LoggerHandler - Add-On Cover Page Actions initialized successfully.
2026-04-09 19:58:21 INFO  utils.LoggerHandler - Hovering over 'Insurance' menu in navigation bar.
2026-04-09 19:58:22 INFO  utils.LoggerHandler - 'Insurance' menu hovered successfully.
2026-04-09 19:58:22 INFO  utils.LoggerHandler - Hovering over 'Insurance' menu in navigation bar.
2026-04-09 19:58:22 INFO  utils.LoggerHandler - 'Insurance' menu hovered successfully.
2026-04-09 19:58:22 INFO  utils.LoggerHandler - Hovering over 'Car Insurance' under Insurance menu.
2026-04-09 19:58:22 INFO  utils.LoggerHandler - 'Car Insurance' menu hovered successfully.
2026-04-09 19:58:22 INFO  utils.LoggerHandler - Clicking on 'Add on Cover' option.
2026-04-09 19:58:23 INFO  utils.LoggerHandler - 'Add on Cover' page navigation triggered successfully.
2026-04-09 19:58:23 INFO  utils.LoggerHandler - Attempting to scroll to 'Calculate your Car IDV' section.
2026-04-09 19:58:24 INFO  utils.LoggerHandler - 'Calculate your Car IDV' section is visible now.
2026-04-09 19:58:24 INFO  utils.LoggerHandler - Clicking on Brand dropdown.
2026-04-09 19:58:27 INFO  utils.LoggerHandler - Selecting first available brand from dropdown.
2026-04-09 19:58:27 INFO  utils.LoggerHandler - Car brand selected successfully.
2026-04-09 19:58:27 INFO  utils.LoggerHandler - Clicking on Model dropdown.
2026-04-09 19:58:27 INFO  utils.LoggerHandler - Entering car model value 'Alto 800'.
2026-04-09 19:58:27 INFO  utils.LoggerHandler - Selecting first matching model from dropdown.
2026-04-09 19:58:27 INFO  utils.LoggerHandler - Car model selected successfully.
2026-04-09 19:58:27 INFO  utils.LoggerHandler - Clicking on Year dropdown.
2026-04-09 19:58:27 INFO  utils.LoggerHandler - Selecting first available year.
2026-04-09 19:58:27 INFO  utils.LoggerHandler - Manufacturing year selected successfully.
2026-04-09 19:58:27 INFO  utils.LoggerHandler - Clicking on 'Calculate' button to generate IDV amount.
2026-04-09 19:58:28 INFO  utils.LoggerHandler - 'Calculate' button clicked successfully.
2026-04-09 19:58:28 INFO  utils.LoggerHandler - Verifying calculated IDV amount is displayed.
2026-04-09 19:58:28 INFO  utils.LoggerHandler - IDV amount verified successfully. Expected: 'Rs. 2,58,547' | Actual: 'Rs. 2,58,547'
2026-04-09 19:58:34 INFO  utils.LoggerHandler - Home Page Actions initialized successfully.
2026-04-09 19:58:34 INFO  utils.LoggerHandler - Bike Claim Settlement Page Actions initialized successfully.
2026-04-09 19:58:34 INFO  utils.LoggerHandler - Hovering over 'Insurance' menu in navigation bar.
2026-04-09 19:58:35 INFO  utils.LoggerHandler - 'Insurance' menu hovered successfully.
2026-04-09 19:58:35 INFO  utils.LoggerHandler - Hovering over 'Insurance' menu in navigation bar.
2026-04-09 19:58:35 INFO  utils.LoggerHandler - 'Insurance' menu hovered successfully.
2026-04-09 19:58:35 INFO  utils.LoggerHandler - Hovering over 'Bike Insurance' under Insurance menu.
2026-04-09 19:58:38 INFO  utils.LoggerHandler - 'Bike Insurance' menu hovered successfully.
2026-04-09 19:58:38 INFO  utils.LoggerHandler - Clicking on 'Claim Settlement' under Bike Insurance menu.
2026-04-09 19:58:39 INFO  utils.LoggerHandler - 'Claim Settlement' clicked successfully.
2026-04-09 19:58:39 INFO  utils.LoggerHandler - Verifying Bike Insurance Claim Settlement page heading.
2026-04-09 19:58:39 INFO  utils.LoggerHandler - Bike Insurance Claim heading verified successfully. Expected: 'Bike Insurance Claim' | Actual: 'Bike Insurance Claim'
2026-04-09 19:58:39 INFO  utils.LoggerHandler - Scrolling to 'Calculate Two Wheeler IDV' section.
2026-04-09 19:58:39 INFO  utils.LoggerHandler - 'Calculate Two Wheeler IDV' section is now visible.
2026-04-09 19:58:39 INFO  utils.LoggerHandler - Selecting first brand option from Brand dropdown.
2026-04-09 19:58:39 INFO  utils.LoggerHandler - First brand selected successfully.
2026-04-09 19:58:39 INFO  utils.LoggerHandler - Selecting first bike model option.
2026-04-09 19:58:39 INFO  utils.LoggerHandler - Entering model name 'Splendor Plus'.
2026-04-09 19:58:40 INFO  utils.LoggerHandler - Bike model selected successfully.
2026-04-09 19:58:40 INFO  utils.LoggerHandler - Selecting manufacturing year from Year dropdown.
2026-04-09 19:58:40 INFO  utils.LoggerHandler - Manufacturing year selected successfully.
2026-04-09 19:58:40 INFO  utils.LoggerHandler - Clicking on Calculate button to generate IDV amount.
2026-04-09 19:58:41 INFO  utils.LoggerHandler - IDV amount verified successfully. Expected: 'Rs. 64,323' | Actual: 'Rs. 64,323'
2026-04-09 19:58:47 INFO  utils.LoggerHandler - Home Page Actions initialized successfully.
2026-04-09 19:58:47 INFO  utils.LoggerHandler - Human Life Value Page Actions initialized successfully.
2026-04-09 19:58:47 INFO  utils.LoggerHandler - Hovering over 'Insurance' menu in navigation bar.
2026-04-09 19:58:48 INFO  utils.LoggerHandler - 'Insurance' menu hovered successfully.
2026-04-09 19:58:48 INFO  utils.LoggerHandler - Hovering over 'Life Insurance' under Insurance menu.
2026-04-09 19:58:48 INFO  utils.LoggerHandler - 'Life Insurance' menu hovered successfully.
2026-04-09 19:58:48 INFO  utils.LoggerHandler - Clicking on 'Human Life Value Calculator' option.
2026-04-09 19:58:52 INFO  utils.LoggerHandler - 'Human Life Value Calculator' clicked successfully.
2026-04-09 19:58:52 INFO  utils.LoggerHandler - Verifying HLV Calculator page title.
2026-04-09 19:58:52 INFO  utils.LoggerHandler - HLV Calculator page title verified successfully.
2026-04-09 19:59:00 INFO  utils.LoggerHandler - Home Page Actions initialized successfully.
2026-04-09 19:59:00 INFO  utils.LoggerHandler - Human Life Value Page Actions initialized successfully.
2026-04-09 19:59:00 INFO  utils.LoggerHandler - Hovering over 'Insurance' menu in navigation bar.
2026-04-09 19:59:01 INFO  utils.LoggerHandler - 'Insurance' menu hovered successfully.
2026-04-09 19:59:01 INFO  utils.LoggerHandler - Hovering over 'Life Insurance' under Insurance menu.
2026-04-09 19:59:01 INFO  utils.LoggerHandler - 'Life Insurance' menu hovered successfully.
2026-04-09 19:59:01 INFO  utils.LoggerHandler - Clicking on 'Human Life Value Calculator' option.
2026-04-09 19:59:06 INFO  utils.LoggerHandler - 'Human Life Value Calculator' clicked successfully.
2026-04-09 19:59:06 INFO  utils.LoggerHandler - Verifying HLV Calculator page title.
2026-04-09 19:59:06 INFO  utils.LoggerHandler - HLV Calculator page title verified successfully.
2026-04-09 19:59:06 INFO  utils.LoggerHandler - Entering name: john@gh
2026-04-09 19:59:09 INFO  utils.LoggerHandler - Name entered successfully.
2026-04-09 19:59:09 INFO  utils.LoggerHandler - Entering birthday: 01012001
2026-04-09 19:59:12 INFO  utils.LoggerHandler - Birthday entered successfully.
2026-04-09 19:59:12 INFO  utils.LoggerHandler - Selecting annual income range 3–5 Lakhs.
2026-04-09 19:59:12 INFO  utils.LoggerHandler - Annual income option selected successfully.
2026-04-09 19:59:12 INFO  utils.LoggerHandler - Entering mobile number: 98765
2026-04-09 19:59:15 INFO  utils.LoggerHandler - Mobile number entered successfully.
2026-04-09 19:59:15 INFO  utils.LoggerHandler - Verifying error message displayed on HLV calculator.
2026-04-09 19:59:16 INFO  utils.LoggerHandler - Error message verified successfully.
2026-04-09 19:59:20 INFO  utils.LoggerHandler - Home Page Actions initialized successfully.
2026-04-09 19:59:20 INFO  utils.LoggerHandler - Investment Plans Page Actions initialized successfully.
2026-04-09 19:59:20 INFO  utils.LoggerHandler - Hovering over 'Insurance' menu in navigation bar.
2026-04-09 19:59:22 ERROR utils.LoggerHandler - Failed to hover 'Insurance'
2026-04-09 19:59:23 INFO  utils.LoggerHandler - Hover over Investment.
2026-04-09 19:59:43 INFO  utils.LoggerHandler - Exception in clickOnInvestmentPlans
2026-04-09 19:59:43 INFO  utils.LoggerHandler - Verifying 'Best Investment Plans in India' page heading.
2026-04-09 19:59:57 ERROR utils.LoggerHandler - Exception in verifyBestInvestmentPlansHeading: invalid session id: session deleted as the browser has closed the connection
from disconnected: unable to send message to renderer
  (Session info: chrome=147.0.7727.56)
Build info: version: '4.41.0', revision: '9fc754f'
System info: os.name: 'Windows 11', os.arch: 'amd64', os.version: '10.0', java.version: '17.0.18'
Driver info: org.openqa.selenium.chrome.ChromeDriver
Command: [c50fc5ca2f173e6cfd017663da03c374, findElement {value=//h1[@content='Best Investment Plans in India 2026'], using=xpath}]
Capabilities {acceptInsecureCerts: false, browserName: chrome, browserVersion: 147.0.7727.56, chrome: {chromedriverVersion: 147.0.7727.56 (b28eac7a1a97..., userDataDir: C:\Users\10853349\AppData\L...}, fedcm:accounts: true, goog:chromeOptions: {debuggerAddress: localhost:50860}, goog:processID: 21772, networkConnectionEnabled: false, pageLoadStrategy: normal, platformName: windows, proxy: Proxy(), se:cdp: ws://localhost:50860/devtoo..., se:cdpVersion: 147.0.7727.56, setWindowRect: true, strictFileInteractability: false, timeouts: {implicit: 0, pageLoad: 300000, script: 30000}, unhandledPromptBehavior: dismiss and notify, webauthn:extension:credBlob: true, webauthn:extension:largeBlob: true, webauthn:extension:minPinLength: true, webauthn:extension:prf: true, webauthn:virtualAuthenticators: true}
Session ID: c50fc5ca2f173e6cfd017663da03c374
2026-04-09 20:00:05 INFO  utils.LoggerHandler - Home Page Actions initialized successfully.
2026-04-09 20:00:05 INFO  utils.LoggerHandler - Step Passed: Insurance Advisors Page Actions initialized successfully.
2026-04-09 20:00:07 INFO  utils.LoggerHandler - Step: Hovering on 'Insurance Advisors Found' text.
2026-04-09 20:00:08 INFO  utils.LoggerHandler - Step Passed: Hover action performed successfully.
2026-04-09 20:00:08 INFO  utils.LoggerHandler - Step: Fetching 'Insurance Advisors Found' text.
2026-04-09 20:00:08 INFO  utils.LoggerHandler - Step: Verifying 'Insurance Advisors Found' text.
2026-04-09 20:00:08 INFO  utils.LoggerHandler - Step Passed: Insurance Advisors found text verified successfully. Expected: '6 Insurance Advisors found' | Actual: '6 Insurance Advisors found'
2026-04-09 20:00:08 INFO  utils.LoggerHandler - Step: Hovering over 'Book Home Visit' for first advisor.
2026-04-09 20:00:08 INFO  utils.LoggerHandler - Step Passed: Hovered over first advisor 'Book Home Visit' button.
2026-04-09 20:00:08 INFO  utils.LoggerHandler - Step: Waiting before clicking 'Book Home Visit'.
2026-04-09 20:00:11 INFO  utils.LoggerHandler - Step Passed: Wait completed successfully.
2026-04-09 20:00:11 INFO  utils.LoggerHandler - Step: Clicking 'Book Home Visit' for first advisor.
2026-04-09 20:00:11 INFO  utils.LoggerHandler - Step Passed: Clicked 'Book Home Visit' for first advisor successfully.
2026-04-09 20:00:11 INFO  utils.LoggerHandler - Step: Entering Name in booking form: John
2026-04-09 20:00:11 INFO  utils.LoggerHandler - Step Passed: Name entered successfully.
2026-04-09 20:00:11 INFO  utils.LoggerHandler - Step: Entering Mobile Number in booking form: 9876543210
2026-04-09 20:00:11 INFO  utils.LoggerHandler - Step Passed: Mobile number entered successfully.
2026-04-09 20:00:11 INFO  utils.LoggerHandler - Step: Waiting before clicking Submit.
2026-04-09 20:00:14 INFO  utils.LoggerHandler - Step Passed: Wait completed successfully.
2026-04-09 20:00:14 INFO  utils.LoggerHandler - Step: Clicking Submit button to submit request.
2026-04-09 20:00:14 INFO  utils.LoggerHandler - Step Passed: Submit button clicked successfully.
2026-04-09 20:00:14 INFO  utils.LoggerHandler - Step: Waiting for Thank You message to appear.
2026-04-09 20:00:17 INFO  utils.LoggerHandler - Step Passed: Wait completed successfully.
2026-04-09 20:00:17 INFO  utils.LoggerHandler - Step: Fetching Thank You message text.
2026-04-09 20:00:17 INFO  utils.LoggerHandler - Step: Verifying Thank You message text.
2026-04-09 20:00:17 INFO  utils.LoggerHandler - Step Passed: Thank You message verified successfully. Expected: 'Thank you!' | Actual: 'Thank you!'
2026-04-09 20:00:23 INFO  utils.LoggerHandler - Home Page Actions initialized successfully.
2026-04-09 20:00:23 INFO  utils.LoggerHandler - Step Passed: Insurance Advisors Page Actions initialized successfully.
2026-04-09 20:00:26 INFO  utils.LoggerHandler - Step: Hovering on 'Insurance Advisors Found' text.
2026-04-09 20:00:27 INFO  utils.LoggerHandler - Step Passed: Hover action performed successfully.
2026-04-09 20:00:27 INFO  utils.LoggerHandler - Step: Fetching 'Insurance Advisors Found' text.
2026-04-09 20:00:27 INFO  utils.LoggerHandler - Step: Verifying 'Insurance Advisors Found' text.
2026-04-09 20:00:27 INFO  utils.LoggerHandler - Step Passed: Insurance Advisors found text verified successfully. Expected: '6 Insurance Advisors found' | Actual: '6 Insurance Advisors found'
2026-04-09 20:00:27 INFO  utils.LoggerHandler - Step: Hovering over 'Book Home Visit' for first advisor.
2026-04-09 20:00:27 INFO  utils.LoggerHandler - Step Passed: Hovered over first advisor 'Book Home Visit' button.
2026-04-09 20:00:27 INFO  utils.LoggerHandler - Step: Waiting before clicking 'Book Home Visit'.
2026-04-09 20:00:30 INFO  utils.LoggerHandler - Step Passed: Wait completed successfully.
2026-04-09 20:00:30 INFO  utils.LoggerHandler - Step: Clicking 'Book Home Visit' for first advisor.
2026-04-09 20:00:30 INFO  utils.LoggerHandler - Step Passed: Clicked 'Book Home Visit' for first advisor successfully.
2026-04-09 20:00:30 INFO  utils.LoggerHandler - Step: Entering Name in booking form: John
2026-04-09 20:00:30 INFO  utils.LoggerHandler - Step Passed: Name entered successfully.
2026-04-09 20:00:30 INFO  utils.LoggerHandler - Step: Entering invalid Mobile Number in booking form: 98765
2026-04-09 20:00:31 INFO  utils.LoggerHandler - Step Passed: Invalid mobile number entered successfully.
2026-04-09 20:00:31 INFO  utils.LoggerHandler - Step: Waiting before clicking Submit.
2026-04-09 20:00:34 INFO  utils.LoggerHandler - Step Passed: Wait completed successfully.
2026-04-09 20:00:34 INFO  utils.LoggerHandler - Step: Clicking Submit button to submit request.
2026-04-09 20:00:34 INFO  utils.LoggerHandler - Step Passed: Submit button clicked successfully.
2026-04-09 20:00:34 INFO  utils.LoggerHandler - Step: Fetching validation error message text.
2026-04-09 20:00:34 INFO  utils.LoggerHandler - Step: Verifying validation error message text.
2026-04-09 20:00:34 INFO  utils.LoggerHandler - Step Passed: Error message verified successfully. Expected: 'The mobile must be at least 10 characters.' | Actual: 'The mobile must be at least 10 characters.'
2026-04-09 20:00:40 INFO  utils.LoggerHandler - Home Page Actions initialized successfully.
2026-04-09 20:00:40 INFO  utils.LoggerHandler - Step Passed: Insurance Advisors Page Actions initialized successfully.
2026-04-09 20:00:42 INFO  utils.LoggerHandler - Step: Hovering over 'Book Home Visit' button.
2026-04-09 20:00:42 ERROR utils.LoggerHandler - Step Failed: Unable to click 'Book Home Visit' button. Error: stale element reference: stale element not found in the current frame
  (Session info: chrome=147.0.7727.56)
For documentation on this error, please visit: https://www.selenium.dev/documentation/webdriver/troubleshooting/errors#staleelementreferenceexception
Build info: version: '4.41.0', revision: '9fc754f'
System info: os.name: 'Windows 11', os.arch: 'amd64', os.version: '10.0', java.version: '17.0.18'
Driver info: org.openqa.selenium.chrome.ChromeDriver
Command: [6f5e481998ab3f4c1762782ef26d28ca, actions {actions=[org.openqa.selenium.interactions.Sequence@48eaf42f]}]
Capabilities {acceptInsecureCerts: false, browserName: chrome, browserVersion: 147.0.7727.56, chrome: {chromedriverVersion: 147.0.7727.56 (b28eac7a1a97..., userDataDir: C:\Users\10853349\AppData\L...}, fedcm:accounts: true, goog:chromeOptions: {debuggerAddress: localhost:58337}, goog:processID: 18664, networkConnectionEnabled: false, pageLoadStrategy: normal, platformName: windows, proxy: Proxy(), se:cdp: ws://localhost:58337/devtoo..., se:cdpVersion: 147.0.7727.56, setWindowRect: true, strictFileInteractability: false, timeouts: {implicit: 0, pageLoad: 300000, script: 30000}, unhandledPromptBehavior: dismiss and notify, webauthn:extension:credBlob: true, webauthn:extension:largeBlob: true, webauthn:extension:minPinLength: true, webauthn:extension:prf: true, webauthn:virtualAuthenticators: true}
Session ID: 6f5e481998ab3f4c1762782ef26d28ca
2026-04-09 20:00:49 INFO  utils.LoggerHandler - Home Page Actions initialized successfully.
2026-04-09 20:00:49 INFO  utils.LoggerHandler - Step Passed: Insurance Advisors Page Actions initialized successfully.
2026-04-09 20:00:51 INFO  utils.LoggerHandler - Step: Hovering over 'Book Home Visit' button.
2026-04-09 20:00:51 INFO  utils.LoggerHandler - Step Passed: Hovered over 'Book Home Visit' button.
2026-04-09 20:00:51 INFO  utils.LoggerHandler - Step: Waiting before clicking 'Book Home Visit' button.
2026-04-09 20:00:54 INFO  utils.LoggerHandler - Step Passed: Wait completed successfully.
2026-04-09 20:00:54 INFO  utils.LoggerHandler - Step: Clicking 'Book Home Visit' button.
2026-04-09 20:00:54 INFO  utils.LoggerHandler - Step Passed: 'Book Home Visit' button clicked successfully.
2026-04-09 20:00:54 INFO  utils.LoggerHandler - Step: Hovering over 'Schedule Home Visit' button.
2026-04-09 20:00:54 INFO  utils.LoggerHandler - Step Passed: Hovered over 'Schedule Home Visit' button.
2026-04-09 20:00:54 INFO  utils.LoggerHandler - Step: Waiting before clicking 'Schedule Home Visit'.
2026-04-09 20:00:57 INFO  utils.LoggerHandler - Step Passed: Wait completed successfully.
2026-04-09 20:00:57 INFO  utils.LoggerHandler - Step: Clicking 'Schedule Home Visit' button.
2026-04-09 20:00:57 INFO  utils.LoggerHandler - Step Passed: 'Schedule Home Visit' clicked successfully.
2026-04-09 20:00:57 INFO  utils.LoggerHandler - Step: Entering Name in booking form: John
2026-04-09 20:00:57 INFO  utils.LoggerHandler - Step Passed: Name entered successfully.
2026-04-09 20:00:57 INFO  utils.LoggerHandler - Step: Entering Mobile Number in booking form: 9876543210
2026-04-09 20:00:57 INFO  utils.LoggerHandler - Step Passed: Mobile number entered successfully.
2026-04-09 20:00:57 INFO  utils.LoggerHandler - Step: Hovering over 'Schedule Home Visit' button.
2026-04-09 20:00:58 INFO  utils.LoggerHandler - Step Passed: Hovered over 'Schedule Home Visit' button.
2026-04-09 20:00:58 INFO  utils.LoggerHandler - Step: Waiting before clicking 'Schedule Home Visit'.
2026-04-09 20:01:01 INFO  utils.LoggerHandler - Step Passed: Wait completed successfully.
2026-04-09 20:01:01 INFO  utils.LoggerHandler - Step: Clicking 'Schedule Home Visit' button.
2026-04-09 20:01:01 INFO  utils.LoggerHandler - Step Passed: 'Schedule Home Visit' clicked successfully.
2026-04-09 20:01:01 INFO  utils.LoggerHandler - Step: Hovering over 'Schedule Visit' button.
2026-04-09 20:01:02 INFO  utils.LoggerHandler - Step Passed: Hovered over 'Schedule Visit' button.
2026-04-09 20:01:02 INFO  utils.LoggerHandler - Step: Waiting before clicking 'Schedule Visit'.
2026-04-09 20:01:05 INFO  utils.LoggerHandler - Step Passed: Wait completed successfully.
2026-04-09 20:01:05 INFO  utils.LoggerHandler - Step: Clicking 'Schedule Visit' button.
2026-04-09 20:01:05 INFO  utils.LoggerHandler - Step Passed: 'Schedule Visit' clicked successfully.
2026-04-09 20:01:05 INFO  utils.LoggerHandler - Step: Clicking on 'Enter location manually' option.
2026-04-09 20:01:05 INFO  utils.LoggerHandler - Step Passed: 'Enter location manually' option selected successfully.
2026-04-09 20:01:05 INFO  utils.LoggerHandler - Step: Entering pincode: 110055
2026-04-09 20:01:05 INFO  utils.LoggerHandler - Step Passed: Pincode entered successfully.
2026-04-09 20:01:05 INFO  utils.LoggerHandler - Step: Entering house number/address: House1
2026-04-09 20:01:05 INFO  utils.LoggerHandler - Step Passed: House number/address entered successfully.
2026-04-09 20:01:05 INFO  utils.LoggerHandler - Step: Clicking 'Schedule Visit' CTA from location details section.
2026-04-09 20:01:06 INFO  utils.LoggerHandler - Step Passed: 'Schedule Visit' CTA clicked successfully.
2026-04-09 20:01:06 INFO  utils.LoggerHandler - Step: Fetching area field validation error message.
2026-04-09 20:01:06 INFO  utils.LoggerHandler - Step: Verifying area field validation error message.
2026-04-09 20:01:06 INFO  utils.LoggerHandler - Step Passed: Area validation message verified successfully. Expected: 'The road/area/sector field is required.' | Actual: 'The road/area/sector field is required.'
2026-04-09 20:01:12 INFO  utils.LoggerHandler - Home Page Actions initialized successfully.
2026-04-09 20:01:12 INFO  utils.LoggerHandler - Step Passed: Insurance Advisors Page Actions initialized successfully.
2026-04-09 20:01:14 INFO  utils.LoggerHandler - Step: Scrolling to filter section.
2026-04-09 20:01:14 INFO  utils.LoggerHandler - Step Passed: Scrolled to filter section successfully.
2026-04-09 20:01:14 INFO  utils.LoggerHandler - Step: Clicking location/city filter option.
2026-04-09 20:01:15 INFO  utils.LoggerHandler - Step Passed: Location/city filter selected successfully.
2026-04-09 20:01:18 INFO  utils.LoggerHandler - Step: Waiting for location header to be visible.
2026-04-09 20:01:18 INFO  utils.LoggerHandler - Step Passed: Location header is visible.
2026-04-09 20:01:18 INFO  utils.LoggerHandler - Step: Verifying advisor location header.
2026-04-09 20:01:18 INFO  utils.LoggerHandler - Step Passed: Location header verified successfully.
2026-04-09 20:01:18 INFO  utils.LoggerHandler - Step: Verifying 'No Advisors Found' message.
2026-04-09 20:01:18 INFO  utils.LoggerHandler - Step Passed: No advisor message verified successfully.
