2026-04-09 17:48:26 INFO  utils.LoggerHandler - Home Page Actions initialized successfully.
2026-04-09 17:48:26 INFO  utils.LoggerHandler - Human Life Value Page Actions initialized successfully.
2026-04-09 17:48:26 INFO  utils.LoggerHandler - Hovering over 'Insurance' menu in navigation bar.
2026-04-09 17:48:26 INFO  utils.LoggerHandler - 'Insurance' menu hovered successfully.
2026-04-09 17:48:26 INFO  utils.LoggerHandler - Hovering over 'Life Insurance' under Insurance menu.
2026-04-09 17:48:26 INFO  utils.LoggerHandler - 'Life Insurance' menu hovered successfully.
2026-04-09 17:48:26 INFO  utils.LoggerHandler - Clicking on 'Human Life Value Calculator' option.
2026-04-09 17:48:30 INFO  utils.LoggerHandler - 'Human Life Value Calculator' clicked successfully.
2026-04-09 17:48:30 INFO  utils.LoggerHandler - Verifying HLV Calculator page title.
2026-04-09 17:48:30 INFO  utils.LoggerHandler - HLV Calculator page title verified successfully.
2026-04-09 17:48:30 INFO  utils.LoggerHandler - Entering name: john@gh
2026-04-09 17:48:34 INFO  utils.LoggerHandler - Name entered successfully.
2026-04-09 17:48:34 INFO  utils.LoggerHandler - Entering birthday: 01012001
2026-04-09 17:48:37 INFO  utils.LoggerHandler - Birthday entered successfully.
2026-04-09 17:48:37 INFO  utils.LoggerHandler - Selecting annual income range 3–5 Lakhs.
2026-04-09 17:48:37 INFO  utils.LoggerHandler - Annual income option selected successfully.
2026-04-09 17:48:37 INFO  utils.LoggerHandler - Entering mobile number: 98765
2026-04-09 17:48:40 INFO  utils.LoggerHandler - Mobile number entered successfully.
2026-04-09 17:48:40 INFO  utils.LoggerHandler - Verifying error message displayed on HLV calculator.
2026-04-09 17:48:40 INFO  utils.LoggerHandler - Error message verified successfully.
