2026-04-09 17:44:56 INFO  utils.LoggerHandler - Home Page Actions initialized successfully.
2026-04-09 17:44:56 INFO  utils.LoggerHandler - Car Insurance Page Actions initialized successfully.
2026-04-09 17:44:56 INFO  utils.LoggerHandler - Verifying element is displayed: InsuranceDekho Logo
2026-04-09 17:44:56 INFO  utils.LoggerHandler - PASSED: Element displayed successfully -> InsuranceDekho Logo
2026-04-09 17:44:56 INFO  utils.LoggerHandler - Hovering over 'Insurance' menu in navigation bar.
2026-04-09 17:44:56 INFO  utils.LoggerHandler - 'Insurance' menu hovered successfully.
2026-04-09 17:44:56 INFO  utils.LoggerHandler - Clicking on 'Car Insurance' option from Insurance dropdown.
2026-04-09 17:44:57 INFO  utils.LoggerHandler - 'Car Insurance' option clicked successfully.
2026-04-09 17:44:57 INFO  utils.LoggerHandler - Verifying Car Insurance page heading.
2026-04-09 17:44:57 INFO  utils.LoggerHandler - Car Insurance page heading verified successfully. Expected: 'Car Insurance' | Actual: 'Car Insurance'
2026-04-09 17:45:03 INFO  utils.LoggerHandler - Home Page Actions initialized successfully.
2026-04-09 17:45:03 INFO  utils.LoggerHandler - Add-On Cover Page Actions initialized successfully.
2026-04-09 17:45:03 INFO  utils.LoggerHandler - Hovering over 'Insurance' menu in navigation bar.
2026-04-09 17:45:04 INFO  utils.LoggerHandler - 'Insurance' menu hovered successfully.
2026-04-09 17:45:04 INFO  utils.LoggerHandler - Hovering over 'Insurance' menu in navigation bar.
2026-04-09 17:45:05 INFO  utils.LoggerHandler - 'Insurance' menu hovered successfully.
2026-04-09 17:45:05 INFO  utils.LoggerHandler - Hovering over 'Car Insurance' under Insurance menu.
2026-04-09 17:45:05 INFO  utils.LoggerHandler - 'Car Insurance' menu hovered successfully.
2026-04-09 17:45:05 INFO  utils.LoggerHandler - Clicking on 'Add on Cover' option.
2026-04-09 17:45:06 INFO  utils.LoggerHandler - 'Add on Cover' page navigation triggered successfully.
2026-04-09 17:45:06 INFO  utils.LoggerHandler - Attempting to scroll to 'Calculate your Car IDV' section.
2026-04-09 17:45:06 INFO  utils.LoggerHandler - 'Calculate your Car IDV' section is visible now.
2026-04-09 17:45:06 INFO  utils.LoggerHandler - Clicking on Brand dropdown.
2026-04-09 17:45:09 INFO  utils.LoggerHandler - Selecting first available brand from dropdown.
2026-04-09 17:45:09 INFO  utils.LoggerHandler - Car brand selected successfully.
2026-04-09 17:45:09 INFO  utils.LoggerHandler - Clicking on Model dropdown.
2026-04-09 17:45:09 INFO  utils.LoggerHandler - Entering car model value 'Alto 800'.
2026-04-09 17:45:09 INFO  utils.LoggerHandler - Selecting first matching model from dropdown.
2026-04-09 17:45:10 INFO  utils.LoggerHandler - Car model selected successfully.
2026-04-09 17:45:10 INFO  utils.LoggerHandler - Clicking on Year dropdown.
2026-04-09 17:45:10 INFO  utils.LoggerHandler - Selecting first available year.
2026-04-09 17:45:10 INFO  utils.LoggerHandler - Manufacturing year selected successfully.
2026-04-09 17:45:10 INFO  utils.LoggerHandler - Clicking on 'Calculate' button to generate IDV amount.
2026-04-09 17:45:10 INFO  utils.LoggerHandler - 'Calculate' button clicked successfully.
2026-04-09 17:45:10 INFO  utils.LoggerHandler - Verifying calculated IDV amount is displayed.
2026-04-09 17:45:14 INFO  utils.LoggerHandler - IDV amount verified successfully. Expected: 'Rs. 2,58,547' | Actual: 'Rs. 2,58,547'
2026-04-09 17:45:20 INFO  utils.LoggerHandler - Home Page Actions initialized successfully.
2026-04-09 17:45:20 INFO  utils.LoggerHandler - Bike Claim Settlement Page Actions initialized successfully.
2026-04-09 17:45:20 INFO  utils.LoggerHandler - Hovering over 'Insurance' menu in navigation bar.
2026-04-09 17:45:21 INFO  utils.LoggerHandler - 'Insurance' menu hovered successfully.
2026-04-09 17:45:21 INFO  utils.LoggerHandler - Hovering over 'Insurance' menu in navigation bar.
2026-04-09 17:45:21 INFO  utils.LoggerHandler - 'Insurance' menu hovered successfully.
2026-04-09 17:45:21 INFO  utils.LoggerHandler - Hovering over 'Bike Insurance' under Insurance menu.
2026-04-09 17:45:24 INFO  utils.LoggerHandler - 'Bike Insurance' menu hovered successfully.
2026-04-09 17:45:24 INFO  utils.LoggerHandler - Clicking on 'Claim Settlement' under Bike Insurance menu.
2026-04-09 17:45:26 INFO  utils.LoggerHandler - 'Claim Settlement' clicked successfully.
2026-04-09 17:45:26 INFO  utils.LoggerHandler - Verifying Bike Insurance Claim Settlement page heading.
2026-04-09 17:45:26 INFO  utils.LoggerHandler - Bike Insurance Claim heading verified successfully. Expected: 'Bike Insurance Claim' | Actual: 'Bike Insurance Claim'
2026-04-09 17:45:26 INFO  utils.LoggerHandler - Scrolling to 'Calculate Two Wheeler IDV' section.
2026-04-09 17:45:26 INFO  utils.LoggerHandler - 'Calculate Two Wheeler IDV' section is now visible.
2026-04-09 17:45:26 INFO  utils.LoggerHandler - Selecting first brand option from Brand dropdown.
2026-04-09 17:45:26 INFO  utils.LoggerHandler - First brand selected successfully.
2026-04-09 17:45:26 INFO  utils.LoggerHandler - Selecting first bike model option.
2026-04-09 17:45:26 INFO  utils.LoggerHandler - Entering model name 'Splendor Plus'.
2026-04-09 17:45:27 INFO  utils.LoggerHandler - Bike model selected successfully.
2026-04-09 17:45:27 INFO  utils.LoggerHandler - Selecting manufacturing year from Year dropdown.
2026-04-09 17:45:27 INFO  utils.LoggerHandler - Manufacturing year selected successfully.
2026-04-09 17:45:27 INFO  utils.LoggerHandler - Clicking on Calculate button to generate IDV amount.
2026-04-09 17:45:27 INFO  utils.LoggerHandler - IDV amount verified successfully. Expected: 'Rs. 64,323' | Actual: 'Rs. 64,323'
2026-04-09 17:45:33 INFO  utils.LoggerHandler - Home Page Actions initialized successfully.
2026-04-09 17:45:33 INFO  utils.LoggerHandler - Human Life Value Page Actions initialized successfully.
2026-04-09 17:45:33 INFO  utils.LoggerHandler - Hovering over 'Insurance' menu in navigation bar.
2026-04-09 17:45:34 INFO  utils.LoggerHandler - 'Insurance' menu hovered successfully.
2026-04-09 17:45:34 INFO  utils.LoggerHandler - Hovering over 'Life Insurance' under Insurance menu.
2026-04-09 17:45:34 INFO  utils.LoggerHandler - 'Life Insurance' menu hovered successfully.
2026-04-09 17:45:34 INFO  utils.LoggerHandler - Clicking on 'Human Life Value Calculator' option.
2026-04-09 17:45:38 INFO  utils.LoggerHandler - 'Human Life Value Calculator' clicked successfully.
2026-04-09 17:45:38 INFO  utils.LoggerHandler - Verifying HLV Calculator page title.
2026-04-09 17:45:38 INFO  utils.LoggerHandler - HLV Calculator page title verified successfully.
2026-04-09 17:45:44 INFO  utils.LoggerHandler - Home Page Actions initialized successfully.
2026-04-09 17:45:44 INFO  utils.LoggerHandler - Human Life Value Page Actions initialized successfully.
2026-04-09 17:45:44 INFO  utils.LoggerHandler - Hovering over 'Insurance' menu in navigation bar.
2026-04-09 17:45:44 ERROR utils.LoggerHandler - Failed to hover 'Insurance'
2026-04-09 17:45:45 INFO  utils.LoggerHandler - Hovering over 'Life Insurance' under Insurance menu.
2026-04-09 17:45:45 INFO  utils.LoggerHandler - 'Life Insurance' menu hovered successfully.
2026-04-09 17:45:45 INFO  utils.LoggerHandler - Clicking on 'Human Life Value Calculator' option.
2026-04-09 17:46:06 INFO  utils.LoggerHandler - Exception in clickOnHumanLifeValueCalculator: Expected condition failed: waiting for element found by By.linkText: Human Life Value Calculator to be clickable, but the element was not found: org.openqa.selenium.NoSuchElementException: no such element: Unable to locate element: {"method":"link text","selector":"Human Life Value Calculator"}.
(tried for 15 seconds with 500 milliseconds interval)
Build info: version: '4.41.0', revision: '9fc754f'
System info: os.name: 'Windows 11', os.arch: 'amd64', os.version: '10.0', java.version: '17.0.18'
Driver info: org.openqa.selenium.chrome.ChromeDriver
Capabilities {acceptInsecureCerts: false, browserName: chrome, browserVersion: 147.0.7727.56, chrome: {chromedriverVersion: 147.0.7727.56 (b28eac7a1a97..., userDataDir: C:\Users\10853349\AppData\L...}, fedcm:accounts: true, goog:chromeOptions: {debuggerAddress: localhost:55463}, goog:processID: 25220, networkConnectionEnabled: false, pageLoadStrategy: normal, platformName: windows, proxy: Proxy(), se:cdp: ws://localhost:55463/devtoo..., se:cdpVersion: 147.0.7727.56, setWindowRect: true, strictFileInteractability: false, timeouts: {implicit: 0, pageLoad: 300000, script: 30000}, unhandledPromptBehavior: dismiss and notify, webauthn:extension:credBlob: true, webauthn:extension:largeBlob: true, webauthn:extension:minPinLength: true, webauthn:extension:prf: true, webauthn:virtualAuthenticators: true}
Session ID: 43b3352c2e707c1c8432c40d4a563048
2026-04-09 17:46:06 INFO  utils.LoggerHandler - Verifying HLV Calculator page title.
2026-04-09 17:46:06 INFO  utils.LoggerHandler - HLV Calculator page title verified successfully.
2026-04-09 17:46:06 INFO  utils.LoggerHandler - Entering name: john@gh
2026-04-09 17:46:16 ERROR utils.LoggerHandler - Exception in enterName
2026-04-09 17:46:16 INFO  utils.LoggerHandler - Entering birthday: 01012001
2026-04-09 17:46:26 ERROR utils.LoggerHandler - Exception in enterBirthday
2026-04-09 17:46:27 INFO  utils.LoggerHandler - Selecting annual income range 3–5 Lakhs.
2026-04-09 17:46:37 INFO  utils.LoggerHandler - Exception in selectAnnualIncome
2026-04-09 17:46:37 INFO  utils.LoggerHandler - Entering mobile number: 98765
2026-04-09 17:46:47 ERROR utils.LoggerHandler - Exception in enterMobileNumber
2026-04-09 17:46:47 INFO  utils.LoggerHandler - Verifying error message displayed on HLV calculator.
2026-04-09 17:47:08 ERROR utils.LoggerHandler - Failed to verify error message displayed
